<?xml version="1.0" encoding="UTF-8"?>
<coverage generated="1531830350184" clover="3.2.0">
  <project timestamp="1531830350185" name="All files">
    <metrics statements="99" coveredstatements="19" conditionals="206" coveredconditionals="29" methods="44" coveredmethods="13" elements="349" coveredelements="61" complexity="0" loc="99" ncloc="99" packages="5" files="8" classes="8">
      <package name="src">
        <metrics statements="1" coveredstatements="1" conditionals="4" coveredconditionals="2" methods="1" coveredmethods="1"/>
        <file name="index.js" path="C:\Work\sm-front-common\sm-react-common-comments\src\index.js">
          <metrics statements="1" coveredstatements="1" conditionals="4" coveredconditionals="2" methods="1" coveredmethods="1"/>
          <line num="1" count="3" type="cond" truecount="2" falsecount="2"/>
        </file>
      </package>
      <package name="src.CommentsForm">
        <metrics statements="4" coveredstatements="4" conditionals="8" coveredconditionals="7" methods="2" coveredmethods="2"/>
        <file name="index.js" path="C:\Work\sm-front-common\sm-react-common-comments\src\CommentsForm\index.js">
          <metrics statements="4" coveredstatements="4" conditionals="8" coveredconditionals="7" methods="2" coveredmethods="2"/>
          <line num="1" count="1" type="stmt"/>
          <line num="3" count="3" type="cond" truecount="4" falsecount="0"/>
          <line num="7" count="4" type="stmt"/>
          <line num="35" count="1" type="stmt"/>
        </file>
      </package>
      <package name="src.CommentsList">
        <metrics statements="4" coveredstatements="4" conditionals="0" coveredconditionals="0" methods="2" coveredmethods="2"/>
        <file name="index.js" path="C:\Work\sm-front-common\sm-react-common-comments\src\CommentsList\index.js">
          <metrics statements="4" coveredstatements="4" conditionals="0" coveredconditionals="0" methods="2" coveredmethods="2"/>
          <line num="1" count="1" type="stmt"/>
          <line num="17" count="14" type="stmt"/>
          <line num="78" count="1" type="stmt"/>
          <line num="88" count="1" type="stmt"/>
        </file>
      </package>
      <package name="src.MessagesForm">
        <metrics statements="6" coveredstatements="6" conditionals="27" coveredconditionals="15" methods="6" coveredmethods="6"/>
        <file name="index.js" path="C:\Work\sm-front-common\sm-react-common-comments\src\MessagesForm\index.js">
          <metrics statements="6" coveredstatements="6" conditionals="27" coveredconditionals="15" methods="6" coveredmethods="6"/>
          <line num="1" count="4" type="cond" truecount="5" falsecount="3"/>
          <line num="5" count="7" type="cond" truecount="10" falsecount="9"/>
          <line num="7" count="2" type="stmt"/>
          <line num="115" count="2" type="stmt"/>
          <line num="119" count="2" type="stmt"/>
          <line num="136" count="2" type="stmt"/>
        </file>
      </package>
      <package name="src.services">
        <metrics statements="84" coveredstatements="4" conditionals="167" coveredconditionals="5" methods="33" coveredmethods="2"/>
        <file name="DateHelper.js" path="C:\Work\sm-front-common\sm-react-common-comments\src\services\DateHelper.js">
          <metrics statements="7" coveredstatements="2" conditionals="36" coveredconditionals="2" methods="14" coveredmethods="2"/>
          <line num="1" count="1" type="stmt"/>
          <line num="118" count="16" type="cond" truecount="2" falsecount="34"/>
          <line num="119" count="0" type="stmt"/>
          <line num="120" count="0" type="stmt"/>
          <line num="121" count="0" type="stmt"/>
          <line num="122" count="0" type="stmt"/>
          <line num="124" count="0" type="stmt"/>
        </file>
        <file name="PluralTextHelper.js" path="C:\Work\sm-front-common\sm-react-common-comments\src\services\PluralTextHelper.js">
          <metrics statements="2" coveredstatements="1" conditionals="28" coveredconditionals="0" methods="3" coveredmethods="0"/>
          <line num="1" count="1" type="stmt"/>
          <line num="50" count="0" type="cond" truecount="0" falsecount="28"/>
        </file>
        <file name="UrlReplacer.js" path="C:\Work\sm-front-common\sm-react-common-comments\src\services\UrlReplacer.js">
          <metrics statements="73" coveredstatements="1" conditionals="99" coveredconditionals="3" methods="12" coveredmethods="0"/>
          <line num="1" count="1" type="cond" truecount="3" falsecount="7"/>
          <line num="4" count="0" type="stmt"/>
          <line num="5" count="0" type="cond" truecount="0" falsecount="2"/>
          <line num="7" count="0" type="stmt"/>
          <line num="11" count="0" type="cond" truecount="0" falsecount="2"/>
          <line num="15" count="0" type="cond" truecount="0" falsecount="2"/>
          <line num="19" count="0" type="stmt"/>
          <line num="23" count="0" type="stmt"/>
          <line num="24" count="0" type="cond" truecount="0" falsecount="2"/>
          <line num="25" count="0" type="cond" truecount="0" falsecount="2"/>
          <line num="26" count="0" type="stmt"/>
          <line num="30" count="0" type="stmt"/>
          <line num="31" count="0" type="cond" truecount="0" falsecount="2"/>
          <line num="32" count="0" type="cond" truecount="0" falsecount="4"/>
          <line num="33" count="0" type="stmt"/>
          <line num="35" count="0" type="cond" truecount="0" falsecount="2"/>
          <line num="36" count="0" type="cond" truecount="0" falsecount="2"/>
          <line num="37" count="0" type="cond" truecount="0" falsecount="2"/>
          <line num="38" count="0" type="cond" truecount="0" falsecount="2"/>
          <line num="39" count="0" type="stmt"/>
          <line num="41" count="0" type="stmt"/>
          <line num="44" count="0" type="stmt"/>
          <line num="46" count="0" type="stmt"/>
          <line num="49" count="0" type="stmt"/>
          <line num="51" count="0" type="stmt"/>
          <line num="52" count="0" type="stmt"/>
          <line num="53" count="0" type="cond" truecount="0" falsecount="4"/>
          <line num="54" count="0" type="cond" truecount="0" falsecount="4"/>
          <line num="56" count="0" type="stmt"/>
          <line num="62" count="0" type="cond" truecount="0" falsecount="2"/>
          <line num="64" count="0" type="cond" truecount="0" falsecount="2"/>
          <line num="65" count="0" type="stmt"/>
          <line num="66" count="0" type="cond" truecount="0" falsecount="2"/>
          <line num="67" count="0" type="stmt"/>
          <line num="70" count="0" type="cond" truecount="0" falsecount="2"/>
          <line num="72" count="0" type="stmt"/>
          <line num="73" count="0" type="cond" truecount="0" falsecount="2"/>
          <line num="74" count="0" type="stmt"/>
          <line num="75" count="0" type="stmt"/>
          <line num="77" count="0" type="cond" truecount="0" falsecount="2"/>
          <line num="79" count="0" type="cond" truecount="0" falsecount="7"/>
          <line num="80" count="0" type="cond" truecount="0" falsecount="4"/>
          <line num="81" count="0" type="cond" truecount="0" falsecount="2"/>
          <line num="82" count="0" type="stmt"/>
          <line num="88" count="0" type="stmt"/>
          <line num="91" count="0" type="cond" truecount="0" falsecount="2"/>
          <line num="93" count="0" type="stmt"/>
          <line num="94" count="0" type="cond" truecount="0" falsecount="2"/>
          <line num="95" count="0" type="cond" truecount="0" falsecount="2"/>
          <line num="96" count="0" type="cond" truecount="0" falsecount="2"/>
          <line num="97" count="0" type="cond" truecount="0" falsecount="2"/>
          <line num="98" count="0" type="cond" truecount="0" falsecount="2"/>
          <line num="100" count="0" type="cond" truecount="0" falsecount="4"/>
          <line num="101" count="0" type="stmt"/>
          <line num="102" count="0" type="cond" truecount="0" falsecount="4"/>
          <line num="103" count="0" type="cond" truecount="0" falsecount="4"/>
          <line num="104" count="0" type="stmt"/>
          <line num="108" count="0" type="cond" truecount="0" falsecount="2"/>
          <line num="109" count="0" type="stmt"/>
          <line num="111" count="0" type="stmt"/>
          <line num="112" count="0" type="stmt"/>
          <line num="116" count="0" type="cond" truecount="0" falsecount="2"/>
          <line num="117" count="0" type="stmt"/>
          <line num="119" count="0" type="stmt"/>
          <line num="121" count="0" type="stmt"/>
          <line num="122" count="0" type="stmt"/>
          <line num="123" count="0" type="cond" truecount="0" falsecount="2"/>
          <line num="124" count="0" type="stmt"/>
          <line num="126" count="0" type="stmt"/>
          <line num="127" count="0" type="cond" truecount="0" falsecount="2"/>
          <line num="128" count="0" type="stmt"/>
          <line num="131" count="0" type="stmt"/>
          <line num="134" count="0" type="stmt"/>
        </file>
        <file name="searchByName.js" path="C:\Work\sm-front-common\sm-react-common-comments\src\services\searchByName.js">
          <metrics statements="2" coveredstatements="0" conditionals="4" coveredconditionals="0" methods="4" coveredmethods="0"/>
          <line num="1" count="0" type="stmt"/>
          <line num="15" count="0" type="cond" truecount="0" falsecount="4"/>
        </file>
      </package>
    </metrics>
  </project>
</coverage>
