{"C:\\Work\\sm-front-common\\sm-react-common-comments\\src\\index.js": {"path":"C:\\Work\\sm-front-common\\sm-react-common-comments\\src\\index.js","statementMap":{"0":{"start":{"line":1,"column":39},"end":{"line":1,"column":101}},"1":{"start":{"line":1,"column":101},"end":{"line":1,"column":180}},"2":{"start":{"line":1,"column":201},"end":{"line":1,"column":226}},"3":{"start":{"line":1,"column":248},"end":{"line":1,"column":286}},"4":{"start":{"line":1,"column":308},"end":{"line":1,"column":333}},"5":{"start":{"line":1,"column":355},"end":{"line":1,"column":393}},"6":{"start":{"line":1,"column":415},"end":{"line":1,"column":440}},"7":{"start":{"line":1,"column":462},"end":{"line":1,"column":500}},"8":{"start":{"line":1,"column":539},"end":{"line":1,"column":593}},"9":{"start":{"line":1,"column":594},"end":{"line":1,"column":640}}},"fnMap":{"0":{"name":"_interopRequireDefault","decl":{"start":{"line":1,"column":510},"end":{"line":1,"column":532}},"loc":{"start":{"line":1,"column":538},"end":{"line":1,"column":594}},"line":1}},"branchMap":{"0":{"loc":{"start":{"line":1,"column":546},"end":{"line":1,"column":592}},"type":"cond-expr","locations":[{"start":{"line":1,"column":570},"end":{"line":1,"column":573}},{"start":{"line":1,"column":576},"end":{"line":1,"column":592}}],"line":1},"1":{"loc":{"start":{"line":1,"column":546},"end":{"line":1,"column":567}},"type":"binary-expr","locations":[{"start":{"line":1,"column":546},"end":{"line":1,"column":549}},{"start":{"line":1,"column":553},"end":{"line":1,"column":567}}],"line":1}},"s":{"0":1,"1":1,"2":1,"3":1,"4":1,"5":1,"6":1,"7":1,"8":3,"9":1},"f":{"0":3},"b":{"0":[0,3],"1":[3,0]},"_coverageSchema":"332fd63041d2c1bcb487cc26dd0d5f7d97098a6c","hash":"f78be0089fe584fb90d480be07510e707634d9e5"}
,"C:\\Work\\sm-front-common\\sm-react-common-comments\\src\\CommentsForm\\index.js": {"path":"C:\\Work\\sm-front-common\\sm-react-common-comments\\src\\CommentsForm\\index.js","statementMap":{"0":{"start":{"line":1,"column":39},"end":{"line":1,"column":101}},"1":{"start":{"line":3,"column":197},"end":{"line":3,"column":251}},"2":{"start":{"line":7,"column":1},"end":{"line":30,"column":30}},"3":{"start":{"line":35,"column":0},"end":{"line":52,"column":94}}},"fnMap":{"0":{"name":"_interopRequireDefault","decl":{"start":{"line":3,"column":168},"end":{"line":3,"column":190}},"loc":{"start":{"line":3,"column":196},"end":{"line":3,"column":252}},"line":3},"1":{"name":"CommentsForm","decl":{"start":{"line":5,"column":9},"end":{"line":5,"column":21}},"loc":{"start":{"line":5,"column":29},"end":{"line":33,"column":1}},"line":5}},"branchMap":{"0":{"loc":{"start":{"line":3,"column":204},"end":{"line":3,"column":250}},"type":"cond-expr","locations":[{"start":{"line":3,"column":228},"end":{"line":3,"column":231}},{"start":{"line":3,"column":234},"end":{"line":3,"column":250}}],"line":3},"1":{"loc":{"start":{"line":3,"column":204},"end":{"line":3,"column":225}},"type":"binary-expr","locations":[{"start":{"line":3,"column":204},"end":{"line":3,"column":207}},{"start":{"line":3,"column":211},"end":{"line":3,"column":225}}],"line":3},"3":{"loc":{"start":{"line":10,"column":3},"end":{"line":17,"column":5}},"type":"cond-expr","locations":[{"start":{"line":17,"column":3},"end":{"line":17,"column":5}}],"line":10},"4":{"loc":{"start":{"line":18,"column":3},"end":{"line":18,"column":366}},"type":"cond-expr","locations":[{"start":{"line":18,"column":364},"end":{"line":18,"column":366}}],"line":18},"5":{"loc":{"start":{"line":26,"column":16},"end":{"line":26,"column":62}},"type":"cond-expr","locations":[{"start":{"line":26,"column":26},"end":{"line":26,"column":48}},{"start":{"line":26,"column":51},"end":{"line":26,"column":62}}],"line":26}},"s":{"0":1,"1":3,"2":4,"3":1},"f":{"0":3,"1":4},"b":{"0":[1,2],"1":[3,3],"3":[0],"4":[3],"5":[3,1]},"_coverageSchema":"332fd63041d2c1bcb487cc26dd0d5f7d97098a6c","hash":"fd0cf752900ed7c42ae6eb957def6075f71dbde0"}
,"C:\\Work\\sm-front-common\\sm-react-common-comments\\src\\CommentsList\\index.js": {"path":"C:\\Work\\sm-front-common\\sm-react-common-comments\\src\\CommentsList\\index.js","statementMap":{"0":{"start":{"line":1,"column":39},"end":{"line":1,"column":101}},"1":{"start":{"line":17,"column":1},"end":{"line":75,"column":8}},"2":{"start":{"line":78,"column":0},"end":{"line":85,"column":99}},"3":{"start":{"line":88,"column":0},"end":{"line":91,"column":19}}},"fnMap":{"0":{"name":"CommentsList","decl":{"start":{"line":7,"column":9},"end":{"line":7,"column":21}},"loc":{"start":{"line":7,"column":29},"end":{"line":76,"column":1}},"line":7},"1":{"name":"(anonymous_1)","decl":{"start":{"line":17,"column":21},"end":{"line":17,"column":22}},"loc":{"start":{"line":17,"column":63},"end":{"line":75,"column":6}},"line":17}},"branchMap":{},"s":{"0":1,"1":14,"2":1,"3":1},"f":{"0":14,"1":14},"b":{},"_coverageSchema":"332fd63041d2c1bcb487cc26dd0d5f7d97098a6c","hash":"5de6f8ac4c34f95c1cefa53e8893aaa5c1bb59fb"}
,"C:\\Work\\sm-front-common\\sm-react-common-comments\\src\\MessagesForm\\index.js": {"path":"C:\\Work\\sm-front-common\\sm-react-common-comments\\src\\MessagesForm\\index.js","statementMap":{"0":{"start":{"line":1,"column":39},"end":{"line":1,"column":101}},"1":{"start":{"line":1,"column":120},"end":{"line":1,"column":649}},"2":{"start":{"line":1,"column":175},"end":{"line":1,"column":440}},"3":{"start":{"line":1,"column":232},"end":{"line":1,"column":240}},"4":{"start":{"line":1,"column":241},"end":{"line":1,"column":296}},"5":{"start":{"line":1,"column":296},"end":{"line":1,"column":327}},"6":{"start":{"line":1,"column":327},"end":{"line":1,"column":381}},"7":{"start":{"line":1,"column":354},"end":{"line":1,"column":381}},"8":{"start":{"line":1,"column":381},"end":{"line":1,"column":439}},"9":{"start":{"line":1,"column":441},"end":{"line":1,"column":646}},"10":{"start":{"line":1,"column":497},"end":{"line":1,"column":565}},"11":{"start":{"line":1,"column":513},"end":{"line":1,"column":565}},"12":{"start":{"line":1,"column":565},"end":{"line":1,"column":625}},"13":{"start":{"line":1,"column":582},"end":{"line":1,"column":625}},"14":{"start":{"line":1,"column":625},"end":{"line":1,"column":644}},"15":{"start":{"line":5,"column":256},"end":{"line":5,"column":355}},"16":{"start":{"line":5,"column":297},"end":{"line":5,"column":354}},"17":{"start":{"line":5,"column":405},"end":{"line":5,"column":504}},"18":{"start":{"line":5,"column":417},"end":{"line":5,"column":503}},"19":{"start":{"line":5,"column":504},"end":{"line":5,"column":590}},"20":{"start":{"line":5,"column":633},"end":{"line":5,"column":796}},"21":{"start":{"line":5,"column":695},"end":{"line":5,"column":795}},"22":{"start":{"line":5,"column":796},"end":{"line":5,"column":960}},"23":{"start":{"line":5,"column":960},"end":{"line":5,"column":1078}},"24":{"start":{"line":5,"column":976},"end":{"line":5,"column":1078}},"25":{"start":{"line":7,"column":12},"end":{"line":7,"column":27}},"26":{"start":{"line":115,"column":102},"end":{"line":115,"column":133}},"27":{"start":{"line":119,"column":0},"end":{"line":133,"column":93}},"28":{"start":{"line":136,"column":0},"end":{"line":139,"column":17}}},"fnMap":{"0":{"name":"(anonymous_0)","decl":{"start":{"line":1,"column":120},"end":{"line":1,"column":121}},"loc":{"start":{"line":1,"column":132},"end":{"line":1,"column":647}},"line":1},"1":{"name":"defineProperties","decl":{"start":{"line":1,"column":142},"end":{"line":1,"column":158}},"loc":{"start":{"line":1,"column":174},"end":{"line":1,"column":441}},"line":1},"2":{"name":"(anonymous_2)","decl":{"start":{"line":1,"column":448},"end":{"line":1,"column":449}},"loc":{"start":{"line":1,"column":496},"end":{"line":1,"column":645}},"line":1},"3":{"name":"_classCallCheck","decl":{"start":{"line":5,"column":216},"end":{"line":5,"column":231}},"loc":{"start":{"line":5,"column":255},"end":{"line":5,"column":356}},"line":5},"4":{"name":"_possibleConstructorReturn","decl":{"start":{"line":5,"column":365},"end":{"line":5,"column":391}},"loc":{"start":{"line":5,"column":404},"end":{"line":5,"column":591}},"line":5},"5":{"name":"_inherits","decl":{"start":{"line":5,"column":600},"end":{"line":5,"column":609}},"loc":{"start":{"line":5,"column":632},"end":{"line":5,"column":1079}},"line":5}},"branchMap":{"0":{"loc":{"start":{"line":1,"column":265},"end":{"line":1,"column":295}},"type":"binary-expr","locations":[{"start":{"line":1,"column":265},"end":{"line":1,"column":286}},{"start":{"line":1,"column":290},"end":{"line":1,"column":295}}],"line":1},"1":{"loc":{"start":{"line":1,"column":327},"end":{"line":1,"column":381}},"type":"if","locations":[{"start":{"line":1,"column":327},"end":{"line":1,"column":381}},{"start":{"line":1,"column":327},"end":{"line":1,"column":381}}],"line":1},"2":{"loc":{"start":{"line":1,"column":497},"end":{"line":1,"column":565}},"type":"if","locations":[{"start":{"line":1,"column":497},"end":{"line":1,"column":565}},{"start":{"line":1,"column":497},"end":{"line":1,"column":565}}],"line":1},"3":{"loc":{"start":{"line":1,"column":565},"end":{"line":1,"column":625}},"type":"if","locations":[{"start":{"line":1,"column":565},"end":{"line":1,"column":625}},{"start":{"line":1,"column":565},"end":{"line":1,"column":625}}],"line":1},"4":{"loc":{"start":{"line":5,"column":256},"end":{"line":5,"column":355}},"type":"if","locations":[{"start":{"line":5,"column":256},"end":{"line":5,"column":355}},{"start":{"line":5,"column":256},"end":{"line":5,"column":355}}],"line":5},"5":{"loc":{"start":{"line":5,"column":405},"end":{"line":5,"column":504}},"type":"if","locations":[{"start":{"line":5,"column":405},"end":{"line":5,"column":504}},{"start":{"line":5,"column":405},"end":{"line":5,"column":504}}],"line":5},"6":{"loc":{"start":{"line":5,"column":511},"end":{"line":5,"column":589}},"type":"cond-expr","locations":[{"start":{"line":5,"column":578},"end":{"line":5,"column":582}},{"start":{"line":5,"column":585},"end":{"line":5,"column":589}}],"line":5},"7":{"loc":{"start":{"line":5,"column":511},"end":{"line":5,"column":575}},"type":"binary-expr","locations":[{"start":{"line":5,"column":511},"end":{"line":5,"column":515}},{"start":{"line":5,"column":520},"end":{"line":5,"column":544}},{"start":{"line":5,"column":548},"end":{"line":5,"column":574}}],"line":5},"8":{"loc":{"start":{"line":5,"column":633},"end":{"line":5,"column":796}},"type":"if","locations":[{"start":{"line":5,"column":633},"end":{"line":5,"column":796}},{"start":{"line":5,"column":633},"end":{"line":5,"column":796}}],"line":5},"9":{"loc":{"start":{"line":5,"column":637},"end":{"line":5,"column":692}},"type":"binary-expr","locations":[{"start":{"line":5,"column":637},"end":{"line":5,"column":669}},{"start":{"line":5,"column":673},"end":{"line":5,"column":692}}],"line":5},"10":{"loc":{"start":{"line":5,"column":831},"end":{"line":5,"column":865}},"type":"binary-expr","locations":[{"start":{"line":5,"column":831},"end":{"line":5,"column":841}},{"start":{"line":5,"column":845},"end":{"line":5,"column":865}}],"line":5},"11":{"loc":{"start":{"line":5,"column":960},"end":{"line":5,"column":1078}},"type":"if","locations":[{"start":{"line":5,"column":960},"end":{"line":5,"column":1078}},{"start":{"line":5,"column":960},"end":{"line":5,"column":1078}}],"line":5},"12":{"loc":{"start":{"line":5,"column":976},"end":{"line":5,"column":1077}},"type":"cond-expr","locations":[{"start":{"line":5,"column":1000},"end":{"line":5,"column":1043}},{"start":{"line":5,"column":1046},"end":{"line":5,"column":1077}}],"line":5}},"s":{"0":2,"1":2,"2":2,"3":4,"4":4,"5":4,"6":4,"7":4,"8":4,"9":2,"10":2,"11":2,"12":2,"13":0,"14":2,"15":7,"16":0,"17":7,"18":0,"19":7,"20":2,"21":0,"22":2,"23":2,"24":2,"25":2,"26":2,"27":2,"28":2},"f":{"0":2,"1":2,"2":2,"3":7,"4":7,"5":2},"b":{"0":[4,4],"1":[4,0],"2":[2,0],"3":[0,2],"4":[0,7],"5":[0,7],"6":[0,7],"7":[7,0,0],"8":[0,2],"9":[2,0],"10":[2,2],"11":[2,0],"12":[2,0]},"_coverageSchema":"332fd63041d2c1bcb487cc26dd0d5f7d97098a6c","hash":"e424f1c0e46fe8760fdc1ef18b1234bcd22c1c0c"}
,"C:\\Work\\sm-front-common\\sm-react-common-comments\\src\\services\\DateHelper.js": {"path":"C:\\Work\\sm-front-common\\sm-react-common-comments\\src\\services\\DateHelper.js","statementMap":{"0":{"start":{"line":1,"column":39},"end":{"line":1,"column":101}},"1":{"start":{"line":1,"column":101},"end":{"line":4,"column":26}},"2":{"start":{"line":118,"column":139},"end":{"line":118,"column":172}},"3":{"start":{"line":118,"column":156},"end":{"line":118,"column":172}},"4":{"start":{"line":118,"column":172},"end":{"line":118,"column":206}},"5":{"start":{"line":118,"column":189},"end":{"line":118,"column":206}},"6":{"start":{"line":118,"column":206},"end":{"line":118,"column":238}},"7":{"start":{"line":118,"column":223},"end":{"line":118,"column":238}},"8":{"start":{"line":118,"column":238},"end":{"line":118,"column":271}},"9":{"start":{"line":118,"column":255},"end":{"line":118,"column":271}},"10":{"start":{"line":118,"column":271},"end":{"line":118,"column":301}},"11":{"start":{"line":118,"column":288},"end":{"line":118,"column":301}},"12":{"start":{"line":118,"column":301},"end":{"line":118,"column":332}},"13":{"start":{"line":118,"column":318},"end":{"line":118,"column":332}},"14":{"start":{"line":118,"column":332},"end":{"line":118,"column":363}},"15":{"start":{"line":118,"column":349},"end":{"line":118,"column":363}},"16":{"start":{"line":118,"column":363},"end":{"line":118,"column":397}},"17":{"start":{"line":118,"column":380},"end":{"line":118,"column":397}},"18":{"start":{"line":118,"column":397},"end":{"line":118,"column":432}},"19":{"start":{"line":118,"column":414},"end":{"line":118,"column":432}},"20":{"start":{"line":118,"column":432},"end":{"line":118,"column":466}},"21":{"start":{"line":118,"column":449},"end":{"line":118,"column":466}},"22":{"start":{"line":118,"column":466},"end":{"line":118,"column":500}},"23":{"start":{"line":118,"column":484},"end":{"line":118,"column":500}},"24":{"start":{"line":118,"column":500},"end":{"line":118,"column":535}},"25":{"start":{"line":118,"column":518},"end":{"line":118,"column":535}},"26":{"start":{"line":118,"column":535},"end":{"line":118,"column":545}},"27":{"start":{"line":118,"column":604},"end":{"line":118,"column":643}},"28":{"start":{"line":118,"column":619},"end":{"line":118,"column":643}},"29":{"start":{"line":118,"column":643},"end":{"line":118,"column":662}},"30":{"start":{"line":118,"column":722},"end":{"line":118,"column":744}},"31":{"start":{"line":118,"column":745},"end":{"line":118,"column":938}},"32":{"start":{"line":118,"column":1120},"end":{"line":118,"column":1142}},"33":{"start":{"line":118,"column":1143},"end":{"line":118,"column":1291}},"34":{"start":{"line":118,"column":1353},"end":{"line":118,"column":1373}},"35":{"start":{"line":118,"column":1385},"end":{"line":118,"column":1395}},"36":{"start":{"line":118,"column":1396},"end":{"line":118,"column":1431}},"37":{"start":{"line":118,"column":1431},"end":{"line":118,"column":1467}},"38":{"start":{"line":118,"column":1467},"end":{"line":118,"column":1498}},"39":{"start":{"line":118,"column":1498},"end":{"line":118,"column":1510}},"40":{"start":{"line":118,"column":1565},"end":{"line":118,"column":1587}},"41":{"start":{"line":118,"column":1588},"end":{"line":118,"column":1771}},"42":{"start":{"line":118,"column":1834},"end":{"line":118,"column":1856}},"43":{"start":{"line":118,"column":1857},"end":{"line":118,"column":1967}},"44":{"start":{"line":118,"column":2032},"end":{"line":118,"column":2054}},"45":{"start":{"line":118,"column":2055},"end":{"line":118,"column":2142}},"46":{"start":{"line":118,"column":2174},"end":{"line":118,"column":2231}},"47":{"start":{"line":118,"column":2287},"end":{"line":118,"column":2320}},"48":{"start":{"line":118,"column":2332},"end":{"line":118,"column":2362}},"49":{"start":{"line":118,"column":2375},"end":{"line":118,"column":2389}},"50":{"start":{"line":118,"column":2390},"end":{"line":118,"column":2738}},"51":{"start":{"line":118,"column":2797},"end":{"line":118,"column":2820}},"52":{"start":{"line":118,"column":2843},"end":{"line":118,"column":2889}},"53":{"start":{"line":118,"column":2904},"end":{"line":118,"column":2954}},"54":{"start":{"line":118,"column":2967},"end":{"line":118,"column":3157}},"55":{"start":{"line":118,"column":3168},"end":{"line":118,"column":3366}},"56":{"start":{"line":118,"column":3367},"end":{"line":118,"column":3545}},"57":{"start":{"line":118,"column":3614},"end":{"line":118,"column":3637}},"58":{"start":{"line":118,"column":3660},"end":{"line":118,"column":3706}},"59":{"start":{"line":118,"column":3721},"end":{"line":118,"column":3771}},"60":{"start":{"line":118,"column":3784},"end":{"line":118,"column":3974}},"61":{"start":{"line":118,"column":3985},"end":{"line":118,"column":4183}},"62":{"start":{"line":118,"column":4184},"end":{"line":118,"column":4207}},"63":{"start":{"line":118,"column":4263},"end":{"line":118,"column":4291}},"64":{"start":{"line":118,"column":4306},"end":{"line":118,"column":4492}},"65":{"start":{"line":118,"column":4493},"end":{"line":118,"column":4581}},"66":{"start":{"line":119,"column":4},"end":{"line":119,"column":21}},"67":{"start":{"line":120,"column":4},"end":{"line":120,"column":23}},"68":{"start":{"line":121,"column":4},"end":{"line":121,"column":23}},"69":{"start":{"line":122,"column":4},"end":{"line":122,"column":28}},"70":{"start":{"line":124,"column":4},"end":{"line":124,"column":33}}},"fnMap":{"0":{"name":"monthAsWord","decl":{"start":{"line":118,"column":119},"end":{"line":118,"column":130}},"loc":{"start":{"line":118,"column":138},"end":{"line":118,"column":546}},"line":118},"1":{"name":"timeValueInTwoDigit","decl":{"start":{"line":118,"column":576},"end":{"line":118,"column":595}},"loc":{"start":{"line":118,"column":603},"end":{"line":118,"column":663}},"line":118},"2":{"name":"timestampToReadableDigitDate","decl":{"start":{"line":118,"column":672},"end":{"line":118,"column":700}},"loc":{"start":{"line":118,"column":707},"end":{"line":118,"column":939}},"line":118},"3":{"name":"timestampToReadableDigitDateDDMMYYYY","decl":{"start":{"line":118,"column":948},"end":{"line":118,"column":984}},"loc":{"start":{"line":118,"column":991},"end":{"line":118,"column":1292}},"line":118},"4":{"name":"buildDDMMYYYYDateByStr","decl":{"start":{"line":118,"column":1301},"end":{"line":118,"column":1323}},"loc":{"start":{"line":118,"column":1340},"end":{"line":118,"column":1511}},"line":118},"5":{"name":"timestampToReadableDate","decl":{"start":{"line":118,"column":1520},"end":{"line":118,"column":1543}},"loc":{"start":{"line":118,"column":1550},"end":{"line":118,"column":1772}},"line":118},"6":{"name":"timestampToReadableDateToOneDay","decl":{"start":{"line":118,"column":1781},"end":{"line":118,"column":1812}},"loc":{"start":{"line":118,"column":1819},"end":{"line":118,"column":1968}},"line":118},"7":{"name":"timestampToReadableDateWithSecons","decl":{"start":{"line":118,"column":1977},"end":{"line":118,"column":2010}},"loc":{"start":{"line":118,"column":2017},"end":{"line":118,"column":2143}},"line":118},"8":{"name":"deductTimezone","decl":{"start":{"line":118,"column":2152},"end":{"line":118,"column":2166}},"loc":{"start":{"line":118,"column":2173},"end":{"line":118,"column":2232}},"line":118},"9":{"name":"getTimeLeft","decl":{"start":{"line":118,"column":2241},"end":{"line":118,"column":2252}},"loc":{"start":{"line":118,"column":2271},"end":{"line":118,"column":2739}},"line":118},"10":{"name":"secondsToReadableTime","decl":{"start":{"line":118,"column":2748},"end":{"line":118,"column":2769}},"loc":{"start":{"line":118,"column":2776},"end":{"line":118,"column":3546}},"line":118},"11":{"name":"secondsToRedableHoursAndMinutes","decl":{"start":{"line":118,"column":3555},"end":{"line":118,"column":3586}},"loc":{"start":{"line":118,"column":3593},"end":{"line":118,"column":4208}},"line":118},"12":{"name":"secondsToRedableDHM","decl":{"start":{"line":118,"column":4217},"end":{"line":118,"column":4236}},"loc":{"start":{"line":118,"column":4243},"end":{"line":118,"column":4582}},"line":118},"13":{"name":"dateToPHPUnix","decl":{"start":{"line":118,"column":4591},"end":{"line":118,"column":4604}},"loc":{"start":{"line":118,"column":4611},"end":{"line":125,"column":1}},"line":118}},"branchMap":{"0":{"loc":{"start":{"line":118,"column":139},"end":{"line":118,"column":172}},"type":"if","locations":[{"start":{"line":118,"column":139},"end":{"line":118,"column":172}},{"start":{"line":118,"column":139},"end":{"line":118,"column":172}}],"line":118},"1":{"loc":{"start":{"line":118,"column":172},"end":{"line":118,"column":206}},"type":"if","locations":[{"start":{"line":118,"column":172},"end":{"line":118,"column":206}},{"start":{"line":118,"column":172},"end":{"line":118,"column":206}}],"line":118},"2":{"loc":{"start":{"line":118,"column":206},"end":{"line":118,"column":238}},"type":"if","locations":[{"start":{"line":118,"column":206},"end":{"line":118,"column":238}},{"start":{"line":118,"column":206},"end":{"line":118,"column":238}}],"line":118},"3":{"loc":{"start":{"line":118,"column":238},"end":{"line":118,"column":271}},"type":"if","locations":[{"start":{"line":118,"column":238},"end":{"line":118,"column":271}},{"start":{"line":118,"column":238},"end":{"line":118,"column":271}}],"line":118},"4":{"loc":{"start":{"line":118,"column":271},"end":{"line":118,"column":301}},"type":"if","locations":[{"start":{"line":118,"column":271},"end":{"line":118,"column":301}},{"start":{"line":118,"column":271},"end":{"line":118,"column":301}}],"line":118},"5":{"loc":{"start":{"line":118,"column":301},"end":{"line":118,"column":332}},"type":"if","locations":[{"start":{"line":118,"column":301},"end":{"line":118,"column":332}},{"start":{"line":118,"column":301},"end":{"line":118,"column":332}}],"line":118},"6":{"loc":{"start":{"line":118,"column":332},"end":{"line":118,"column":363}},"type":"if","locations":[{"start":{"line":118,"column":332},"end":{"line":118,"column":363}},{"start":{"line":118,"column":332},"end":{"line":118,"column":363}}],"line":118},"7":{"loc":{"start":{"line":118,"column":363},"end":{"line":118,"column":397}},"type":"if","locations":[{"start":{"line":118,"column":363},"end":{"line":118,"column":397}},{"start":{"line":118,"column":363},"end":{"line":118,"column":397}}],"line":118},"8":{"loc":{"start":{"line":118,"column":397},"end":{"line":118,"column":432}},"type":"if","locations":[{"start":{"line":118,"column":397},"end":{"line":118,"column":432}},{"start":{"line":118,"column":397},"end":{"line":118,"column":432}}],"line":118},"9":{"loc":{"start":{"line":118,"column":432},"end":{"line":118,"column":466}},"type":"if","locations":[{"start":{"line":118,"column":432},"end":{"line":118,"column":466}},{"start":{"line":118,"column":432},"end":{"line":118,"column":466}}],"line":118},"10":{"loc":{"start":{"line":118,"column":466},"end":{"line":118,"column":500}},"type":"if","locations":[{"start":{"line":118,"column":466},"end":{"line":118,"column":500}},{"start":{"line":118,"column":466},"end":{"line":118,"column":500}}],"line":118},"11":{"loc":{"start":{"line":118,"column":500},"end":{"line":118,"column":535}},"type":"if","locations":[{"start":{"line":118,"column":500},"end":{"line":118,"column":535}},{"start":{"line":118,"column":500},"end":{"line":118,"column":535}}],"line":118},"12":{"loc":{"start":{"line":118,"column":604},"end":{"line":118,"column":643}},"type":"if","locations":[{"start":{"line":118,"column":604},"end":{"line":118,"column":643}},{"start":{"line":118,"column":604},"end":{"line":118,"column":643}}],"line":118},"13":{"loc":{"start":{"line":118,"column":2967},"end":{"line":118,"column":3157}},"type":"cond-expr","locations":[{"start":{"line":118,"column":2983},"end":{"line":118,"column":3152}},{"start":{"line":118,"column":3155},"end":{"line":118,"column":3157}}],"line":118},"14":{"loc":{"start":{"line":118,"column":3168},"end":{"line":118,"column":3366}},"type":"cond-expr","locations":[{"start":{"line":118,"column":3186},"end":{"line":118,"column":3361}},{"start":{"line":118,"column":3364},"end":{"line":118,"column":3366}}],"line":118},"15":{"loc":{"start":{"line":118,"column":3784},"end":{"line":118,"column":3974}},"type":"cond-expr","locations":[{"start":{"line":118,"column":3800},"end":{"line":118,"column":3969}},{"start":{"line":118,"column":3972},"end":{"line":118,"column":3974}}],"line":118},"16":{"loc":{"start":{"line":118,"column":3985},"end":{"line":118,"column":4183}},"type":"cond-expr","locations":[{"start":{"line":118,"column":4003},"end":{"line":118,"column":4178}},{"start":{"line":118,"column":4181},"end":{"line":118,"column":4183}}],"line":118},"17":{"loc":{"start":{"line":118,"column":4306},"end":{"line":118,"column":4492}},"type":"cond-expr","locations":[{"start":{"line":118,"column":4321},"end":{"line":118,"column":4487}},{"start":{"line":118,"column":4490},"end":{"line":118,"column":4492}}],"line":118}},"s":{"0":1,"1":1,"2":0,"3":0,"4":0,"5":0,"6":0,"7":0,"8":0,"9":0,"10":0,"11":0,"12":0,"13":0,"14":0,"15":0,"16":0,"17":0,"18":0,"19":0,"20":0,"21":0,"22":0,"23":0,"24":0,"25":0,"26":0,"27":16,"28":8,"29":8,"30":8,"31":8,"32":0,"33":0,"34":0,"35":0,"36":0,"37":0,"38":0,"39":0,"40":0,"41":0,"42":0,"43":0,"44":0,"45":0,"46":0,"47":0,"48":0,"49":0,"50":0,"51":0,"52":0,"53":0,"54":0,"55":0,"56":0,"57":0,"58":0,"59":0,"60":0,"61":0,"62":0,"63":0,"64":0,"65":0,"66":0,"67":0,"68":0,"69":0,"70":0},"f":{"0":0,"1":16,"2":8,"3":0,"4":0,"5":0,"6":0,"7":0,"8":0,"9":0,"10":0,"11":0,"12":0,"13":0},"b":{"0":[0,0],"1":[0,0],"2":[0,0],"3":[0,0],"4":[0,0],"5":[0,0],"6":[0,0],"7":[0,0],"8":[0,0],"9":[0,0],"10":[0,0],"11":[0,0],"12":[8,8],"13":[0,0],"14":[0,0],"15":[0,0],"16":[0,0],"17":[0,0]},"_coverageSchema":"332fd63041d2c1bcb487cc26dd0d5f7d97098a6c","hash":"b43929c62fc810046c789e20f9b59e15656c0c47"}
,"C:\\Work\\sm-front-common\\sm-react-common-comments\\src\\services\\PluralTextHelper.js": {"path":"C:\\Work\\sm-front-common\\sm-react-common-comments\\src\\services\\PluralTextHelper.js","statementMap":{"0":{"start":{"line":1,"column":39},"end":{"line":1,"column":101}},"1":{"start":{"line":1,"column":101},"end":{"line":7,"column":34}},"2":{"start":{"line":50,"column":214},"end":{"line":50,"column":237}},"3":{"start":{"line":50,"column":252},"end":{"line":50,"column":285}},"4":{"start":{"line":50,"column":302},"end":{"line":50,"column":331}},"5":{"start":{"line":50,"column":348},"end":{"line":50,"column":391}},"6":{"start":{"line":50,"column":406},"end":{"line":50,"column":430}},"7":{"start":{"line":50,"column":444},"end":{"line":50,"column":472}},"8":{"start":{"line":50,"column":487},"end":{"line":50,"column":509}},"9":{"start":{"line":50,"column":510},"end":{"line":50,"column":529}},"10":{"start":{"line":50,"column":529},"end":{"line":50,"column":915}},"11":{"start":{"line":50,"column":557},"end":{"line":50,"column":588}},"12":{"start":{"line":50,"column":588},"end":{"line":50,"column":594}},"13":{"start":{"line":50,"column":607},"end":{"line":50,"column":639}},"14":{"start":{"line":50,"column":639},"end":{"line":50,"column":645}},"15":{"start":{"line":50,"column":658},"end":{"line":50,"column":690}},"16":{"start":{"line":50,"column":690},"end":{"line":50,"column":696}},"17":{"start":{"line":50,"column":711},"end":{"line":50,"column":745}},"18":{"start":{"line":50,"column":745},"end":{"line":50,"column":751}},"19":{"start":{"line":50,"column":766},"end":{"line":50,"column":800}},"20":{"start":{"line":50,"column":800},"end":{"line":50,"column":806}},"21":{"start":{"line":50,"column":819},"end":{"line":50,"column":851}},"22":{"start":{"line":50,"column":851},"end":{"line":50,"column":857}},"23":{"start":{"line":50,"column":877},"end":{"line":50,"column":908}},"24":{"start":{"line":50,"column":908},"end":{"line":50,"column":914}},"25":{"start":{"line":50,"column":942},"end":{"line":50,"column":1060}},"26":{"start":{"line":50,"column":1090},"end":{"line":50,"column":1231}}},"fnMap":{"0":{"name":"convertToPlural","decl":{"start":{"line":50,"column":66},"end":{"line":50,"column":81}},"loc":{"start":{"line":50,"column":86},"end":{"line":50,"column":916}},"line":50},"1":{"name":"plural_type","decl":{"start":{"line":50,"column":925},"end":{"line":50,"column":936}},"loc":{"start":{"line":50,"column":941},"end":{"line":50,"column":1061}},"line":50},"2":{"name":"seconds_plural","decl":{"start":{"line":50,"column":1070},"end":{"line":50,"column":1084}},"loc":{"start":{"line":50,"column":1089},"end":{"line":50,"column":1232}},"line":50}},"branchMap":{"0":{"loc":{"start":{"line":50,"column":529},"end":{"line":50,"column":915}},"type":"switch","locations":[{"start":{"line":50,"column":545},"end":{"line":50,"column":594}},{"start":{"line":50,"column":594},"end":{"line":50,"column":645}},{"start":{"line":50,"column":645},"end":{"line":50,"column":696}},{"start":{"line":50,"column":696},"end":{"line":50,"column":751}},{"start":{"line":50,"column":751},"end":{"line":50,"column":806}},{"start":{"line":50,"column":806},"end":{"line":50,"column":857}},{"start":{"line":50,"column":857},"end":{"line":50,"column":869}},{"start":{"line":50,"column":869},"end":{"line":50,"column":914}}],"line":50},"1":{"loc":{"start":{"line":50,"column":949},"end":{"line":50,"column":1059}},"type":"cond-expr","locations":[{"start":{"line":50,"column":982},"end":{"line":50,"column":983}},{"start":{"line":50,"column":986},"end":{"line":50,"column":1059}}],"line":50},"2":{"loc":{"start":{"line":50,"column":949},"end":{"line":50,"column":979}},"type":"binary-expr","locations":[{"start":{"line":50,"column":949},"end":{"line":50,"column":961}},{"start":{"line":50,"column":965},"end":{"line":50,"column":979}}],"line":50},"3":{"loc":{"start":{"line":50,"column":986},"end":{"line":50,"column":1059}},"type":"cond-expr","locations":[{"start":{"line":50,"column":1054},"end":{"line":50,"column":1055}},{"start":{"line":50,"column":1058},"end":{"line":50,"column":1059}}],"line":50},"4":{"loc":{"start":{"line":50,"column":986},"end":{"line":50,"column":1051}},"type":"binary-expr","locations":[{"start":{"line":50,"column":986},"end":{"line":50,"column":998}},{"start":{"line":50,"column":1002},"end":{"line":50,"column":1014}},{"start":{"line":50,"column":1019},"end":{"line":50,"column":1032}},{"start":{"line":50,"column":1036},"end":{"line":50,"column":1050}}],"line":50},"5":{"loc":{"start":{"line":50,"column":1097},"end":{"line":50,"column":1230}},"type":"cond-expr","locations":[{"start":{"line":50,"column":1130},"end":{"line":50,"column":1139}},{"start":{"line":50,"column":1142},"end":{"line":50,"column":1230}}],"line":50},"6":{"loc":{"start":{"line":50,"column":1097},"end":{"line":50,"column":1127}},"type":"binary-expr","locations":[{"start":{"line":50,"column":1097},"end":{"line":50,"column":1109}},{"start":{"line":50,"column":1113},"end":{"line":50,"column":1127}}],"line":50},"7":{"loc":{"start":{"line":50,"column":1142},"end":{"line":50,"column":1230}},"type":"cond-expr","locations":[{"start":{"line":50,"column":1210},"end":{"line":50,"column":1219}},{"start":{"line":50,"column":1222},"end":{"line":50,"column":1230}}],"line":50},"8":{"loc":{"start":{"line":50,"column":1142},"end":{"line":50,"column":1207}},"type":"binary-expr","locations":[{"start":{"line":50,"column":1142},"end":{"line":50,"column":1154}},{"start":{"line":50,"column":1158},"end":{"line":50,"column":1170}},{"start":{"line":50,"column":1175},"end":{"line":50,"column":1188}},{"start":{"line":50,"column":1192},"end":{"line":50,"column":1206}}],"line":50}},"s":{"0":1,"1":1,"2":0,"3":0,"4":0,"5":0,"6":0,"7":0,"8":0,"9":0,"10":0,"11":0,"12":0,"13":0,"14":0,"15":0,"16":0,"17":0,"18":0,"19":0,"20":0,"21":0,"22":0,"23":0,"24":0,"25":0,"26":0},"f":{"0":0,"1":0,"2":0},"b":{"0":[0,0,0,0,0,0,0,0],"1":[0,0],"2":[0,0],"3":[0,0],"4":[0,0,0,0],"5":[0,0],"6":[0,0],"7":[0,0],"8":[0,0,0,0]},"_coverageSchema":"332fd63041d2c1bcb487cc26dd0d5f7d97098a6c","hash":"37c5196cfb251e19baacfdd409d0dc5740dcabf6"}
,"C:\\Work\\sm-front-common\\sm-react-common-comments\\src\\services\\UrlReplacer.js": {"path":"C:\\Work\\sm-front-common\\sm-react-common-comments\\src\\services\\UrlReplacer.js","statementMap":{"0":{"start":{"line":1,"column":39},"end":{"line":1,"column":101}},"1":{"start":{"line":1,"column":115},"end":{"line":1,"column":365}},"2":{"start":{"line":1,"column":201},"end":{"line":1,"column":219}},"3":{"start":{"line":1,"column":239},"end":{"line":1,"column":364}},"4":{"start":{"line":1,"column":366},"end":{"line":2,"column":42}},"5":{"start":{"line":4,"column":8},"end":{"line":6,"column":9}},"6":{"start":{"line":5,"column":12},"end":{"line":5,"column":42}},"7":{"start":{"line":5,"column":33},"end":{"line":5,"column":42}},"8":{"start":{"line":7,"column":8},"end":{"line":7,"column":18}},"9":{"start":{"line":11,"column":8},"end":{"line":11,"column":145}},"10":{"start":{"line":15,"column":8},"end":{"line":15,"column":136}},"11":{"start":{"line":19,"column":8},"end":{"line":19,"column":57}},"12":{"start":{"line":23,"column":17},"end":{"line":23,"column":48}},"13":{"start":{"line":24,"column":8},"end":{"line":24,"column":35}},"14":{"start":{"line":24,"column":18},"end":{"line":24,"column":35}},"15":{"start":{"line":25,"column":8},"end":{"line":25,"column":39}},"16":{"start":{"line":25,"column":19},"end":{"line":25,"column":39}},"17":{"start":{"line":26,"column":8},"end":{"line":26,"column":18}},"18":{"start":{"line":30,"column":8},"end":{"line":30,"column":24}},"19":{"start":{"line":31,"column":8},"end":{"line":31,"column":26}},"20":{"start":{"line":31,"column":19},"end":{"line":31,"column":26}},"21":{"start":{"line":32,"column":8},"end":{"line":34,"column":11}},"22":{"start":{"line":32,"column":112},"end":{"line":34,"column":11}},"23":{"start":{"line":33,"column":12},"end":{"line":33,"column":33}},"24":{"start":{"line":35,"column":8},"end":{"line":58,"column":9}},"25":{"start":{"line":36,"column":12},"end":{"line":47,"column":13}},"26":{"start":{"line":37,"column":16},"end":{"line":45,"column":17}},"27":{"start":{"line":38,"column":20},"end":{"line":42,"column":21}},"28":{"start":{"line":39,"column":24},"end":{"line":39,"column":81}},"29":{"start":{"line":41,"column":24},"end":{"line":41,"column":47}},"30":{"start":{"line":44,"column":20},"end":{"line":44,"column":93}},"31":{"start":{"line":46,"column":16},"end":{"line":46,"column":36}},"32":{"start":{"line":49,"column":12},"end":{"line":49,"column":39}},"33":{"start":{"line":51,"column":12},"end":{"line":57,"column":13}},"34":{"start":{"line":52,"column":26},"end":{"line":52,"column":50}},"35":{"start":{"line":53,"column":16},"end":{"line":53,"column":79}},"36":{"start":{"line":53,"column":55},"end":{"line":53,"column":79}},"37":{"start":{"line":54,"column":16},"end":{"line":54,"column":128}},"38":{"start":{"line":56,"column":16},"end":{"line":56,"column":63}},"39":{"start":{"line":62,"column":16},"end":{"line":62,"column":25}},"40":{"start":{"line":62,"column":35},"end":{"line":62,"column":45}},"41":{"start":{"line":62,"column":50},"end":{"line":62,"column":51}},"42":{"start":{"line":62,"column":56},"end":{"line":62,"column":64}},"43":{"start":{"line":62,"column":72},"end":{"line":62,"column":77}},"44":{"start":{"line":64,"column":8},"end":{"line":68,"column":9}},"45":{"start":{"line":65,"column":12},"end":{"line":65,"column":26}},"46":{"start":{"line":66,"column":12},"end":{"line":66,"column":32}},"47":{"start":{"line":67,"column":12},"end":{"line":67,"column":18}},"48":{"start":{"line":70,"column":8},"end":{"line":70,"column":152}},"49":{"start":{"line":70,"column":140},"end":{"line":70,"column":152}},"50":{"start":{"line":72,"column":8},"end":{"line":86,"column":9}},"51":{"start":{"line":73,"column":12},"end":{"line":85,"column":13}},"52":{"start":{"line":74,"column":16},"end":{"line":84,"column":17}},"53":{"start":{"line":75,"column":30},"end":{"line":75,"column":42}},"54":{"start":{"line":75,"column":50},"end":{"line":75,"column":63}},"55":{"start":{"line":77,"column":20},"end":{"line":77,"column":50}},"56":{"start":{"line":77,"column":41},"end":{"line":77,"column":50}},"57":{"start":{"line":79,"column":20},"end":{"line":83,"column":21}},"58":{"start":{"line":80,"column":24},"end":{"line":80,"column":98}},"59":{"start":{"line":81,"column":27},"end":{"line":83,"column":21}},"60":{"start":{"line":82,"column":24},"end":{"line":82,"column":44}},"61":{"start":{"line":88,"column":8},"end":{"line":88,"column":22}},"62":{"start":{"line":91,"column":23},"end":{"line":132,"column":6}},"63":{"start":{"line":93,"column":22},"end":{"line":93,"column":60}},"64":{"start":{"line":94,"column":17},"end":{"line":94,"column":33}},"65":{"start":{"line":95,"column":19},"end":{"line":95,"column":42}},"66":{"start":{"line":96,"column":17},"end":{"line":96,"column":33}},"67":{"start":{"line":97,"column":14},"end":{"line":97,"column":41}},"68":{"start":{"line":98,"column":15},"end":{"line":98,"column":59}},"69":{"start":{"line":100,"column":8},"end":{"line":100,"column":87}},"70":{"start":{"line":100,"column":69},"end":{"line":100,"column":87}},"71":{"start":{"line":101,"column":24},"end":{"line":101,"column":47}},"72":{"start":{"line":102,"column":8},"end":{"line":106,"column":9}},"73":{"start":{"line":103,"column":12},"end":{"line":105,"column":13}},"74":{"start":{"line":104,"column":16},"end":{"line":104,"column":34}},"75":{"start":{"line":108,"column":8},"end":{"line":110,"column":9}},"76":{"start":{"line":109,"column":12},"end":{"line":109,"column":30}},"77":{"start":{"line":111,"column":8},"end":{"line":114,"column":9}},"78":{"start":{"line":112,"column":12},"end":{"line":112,"column":44}},"79":{"start":{"line":116,"column":8},"end":{"line":118,"column":9}},"80":{"start":{"line":117,"column":12},"end":{"line":117,"column":45}},"81":{"start":{"line":119,"column":8},"end":{"line":119,"column":50}},"82":{"start":{"line":121,"column":8},"end":{"line":121,"column":98}},"83":{"start":{"line":122,"column":21},"end":{"line":122,"column":24}},"84":{"start":{"line":122,"column":35},"end":{"line":122,"column":52}},"85":{"start":{"line":123,"column":8},"end":{"line":130,"column":9}},"86":{"start":{"line":124,"column":12},"end":{"line":124,"column":45}},"87":{"start":{"line":126,"column":12},"end":{"line":126,"column":40}},"88":{"start":{"line":127,"column":12},"end":{"line":129,"column":13}},"89":{"start":{"line":128,"column":16},"end":{"line":128,"column":74}},"90":{"start":{"line":131,"column":8},"end":{"line":131,"column":162}},"91":{"start":{"line":134,"column":4},"end":{"line":134,"column":36}}},"fnMap":{"0":{"name":"(anonymous_0)","decl":{"start":{"line":1,"column":185},"end":{"line":1,"column":186}},"loc":{"start":{"line":1,"column":200},"end":{"line":1,"column":220}},"line":1},"1":{"name":"(anonymous_1)","decl":{"start":{"line":1,"column":223},"end":{"line":1,"column":224}},"loc":{"start":{"line":1,"column":238},"end":{"line":1,"column":365}},"line":1},"2":{"name":"findAndReplaceLinks","decl":{"start":{"line":2,"column":72},"end":{"line":2,"column":91}},"loc":{"start":{"line":2,"column":103},"end":{"line":135,"column":1}},"line":2},"3":{"name":"indexOf","decl":{"start":{"line":3,"column":13},"end":{"line":3,"column":20}},"loc":{"start":{"line":3,"column":39},"end":{"line":8,"column":5}},"line":3},"4":{"name":"clean","decl":{"start":{"line":10,"column":13},"end":{"line":10,"column":18}},"loc":{"start":{"line":10,"column":24},"end":{"line":12,"column":5}},"line":10},"5":{"name":"replaceEntities","decl":{"start":{"line":14,"column":13},"end":{"line":14,"column":28}},"loc":{"start":{"line":14,"column":34},"end":{"line":16,"column":5}},"line":14},"6":{"name":"se","decl":{"start":{"line":18,"column":13},"end":{"line":18,"column":15}},"loc":{"start":{"line":18,"column":22},"end":{"line":20,"column":5}},"line":18},"7":{"name":"ce","decl":{"start":{"line":22,"column":13},"end":{"line":22,"column":15}},"loc":{"start":{"line":22,"column":38},"end":{"line":27,"column":5}},"line":22},"8":{"name":"setStyle","decl":{"start":{"line":29,"column":13},"end":{"line":29,"column":21}},"loc":{"start":{"line":29,"column":41},"end":{"line":59,"column":5}},"line":29},"9":{"name":"(anonymous_9)","decl":{"start":{"line":32,"column":130},"end":{"line":32,"column":131}},"loc":{"start":{"line":32,"column":146},"end":{"line":34,"column":9}},"line":32},"10":{"name":"extend","decl":{"start":{"line":61,"column":13},"end":{"line":61,"column":19}},"loc":{"start":{"line":61,"column":22},"end":{"line":89,"column":5}},"line":61},"11":{"name":"(anonymous_11)","decl":{"start":{"line":92,"column":4},"end":{"line":92,"column":5}},"loc":{"start":{"line":92,"column":16},"end":{"line":132,"column":5}},"line":92}},"branchMap":{"0":{"loc":{"start":{"line":1,"column":115},"end":{"line":1,"column":365}},"type":"cond-expr","locations":[{"start":{"line":1,"column":185},"end":{"line":1,"column":220}},{"start":{"line":1,"column":223},"end":{"line":1,"column":365}}],"line":1},"1":{"loc":{"start":{"line":1,"column":115},"end":{"line":1,"column":182}},"type":"binary-expr","locations":[{"start":{"line":1,"column":115},"end":{"line":1,"column":143}},{"start":{"line":1,"column":147},"end":{"line":1,"column":182}}],"line":1},"2":{"loc":{"start":{"line":1,"column":246},"end":{"line":1,"column":363}},"type":"cond-expr","locations":[{"start":{"line":1,"column":342},"end":{"line":1,"column":350}},{"start":{"line":1,"column":353},"end":{"line":1,"column":363}}],"line":1},"3":{"loc":{"start":{"line":1,"column":246},"end":{"line":1,"column":339}},"type":"binary-expr","locations":[{"start":{"line":1,"column":246},"end":{"line":1,"column":249}},{"start":{"line":1,"column":253},"end":{"line":1,"column":281}},{"start":{"line":1,"column":285},"end":{"line":1,"column":311}},{"start":{"line":1,"column":315},"end":{"line":1,"column":339}}],"line":1},"4":{"loc":{"start":{"line":5,"column":12},"end":{"line":5,"column":42}},"type":"if","locations":[{"start":{"line":5,"column":12},"end":{"line":5,"column":42}},{"start":{"line":5,"column":12},"end":{"line":5,"column":42}}],"line":5},"5":{"loc":{"start":{"line":11,"column":15},"end":{"line":11,"column":144}},"type":"cond-expr","locations":[{"start":{"line":11,"column":21},"end":{"line":11,"column":139}},{"start":{"line":11,"column":142},"end":{"line":11,"column":144}}],"line":11},"6":{"loc":{"start":{"line":15,"column":34},"end":{"line":15,"column":43}},"type":"binary-expr","locations":[{"start":{"line":15,"column":34},"end":{"line":15,"column":37}},{"start":{"line":15,"column":41},"end":{"line":15,"column":43}}],"line":15},"7":{"loc":{"start":{"line":24,"column":8},"end":{"line":24,"column":35}},"type":"if","locations":[{"start":{"line":24,"column":8},"end":{"line":24,"column":35}},{"start":{"line":24,"column":8},"end":{"line":24,"column":35}}],"line":24},"8":{"loc":{"start":{"line":25,"column":8},"end":{"line":25,"column":39}},"type":"if","locations":[{"start":{"line":25,"column":8},"end":{"line":25,"column":39}},{"start":{"line":25,"column":8},"end":{"line":25,"column":39}}],"line":25},"9":{"loc":{"start":{"line":31,"column":8},"end":{"line":31,"column":26}},"type":"if","locations":[{"start":{"line":31,"column":8},"end":{"line":31,"column":26}},{"start":{"line":31,"column":8},"end":{"line":31,"column":26}}],"line":31},"10":{"loc":{"start":{"line":32,"column":8},"end":{"line":34,"column":11}},"type":"if","locations":[{"start":{"line":32,"column":8},"end":{"line":34,"column":11}},{"start":{"line":32,"column":8},"end":{"line":34,"column":11}}],"line":32},"11":{"loc":{"start":{"line":32,"column":40},"end":{"line":32,"column":97}},"type":"cond-expr","locations":[{"start":{"line":32,"column":70},"end":{"line":32,"column":81}},{"start":{"line":32,"column":84},"end":{"line":32,"column":97}}],"line":32},"12":{"loc":{"start":{"line":35,"column":8},"end":{"line":58,"column":9}},"type":"if","locations":[{"start":{"line":35,"column":8},"end":{"line":58,"column":9}},{"start":{"line":35,"column":8},"end":{"line":58,"column":9}}],"line":35},"13":{"loc":{"start":{"line":36,"column":12},"end":{"line":47,"column":13}},"type":"if","locations":[{"start":{"line":36,"column":12},"end":{"line":47,"column":13}},{"start":{"line":36,"column":12},"end":{"line":47,"column":13}}],"line":36},"14":{"loc":{"start":{"line":37,"column":16},"end":{"line":45,"column":17}},"type":"if","locations":[{"start":{"line":37,"column":16},"end":{"line":45,"column":17}},{"start":{"line":37,"column":16},"end":{"line":45,"column":17}}],"line":37},"15":{"loc":{"start":{"line":38,"column":20},"end":{"line":42,"column":21}},"type":"if","locations":[{"start":{"line":38,"column":20},"end":{"line":42,"column":21}},{"start":{"line":38,"column":20},"end":{"line":42,"column":21}}],"line":38},"16":{"loc":{"start":{"line":53,"column":16},"end":{"line":53,"column":79}},"type":"if","locations":[{"start":{"line":53,"column":16},"end":{"line":53,"column":79}},{"start":{"line":53,"column":16},"end":{"line":53,"column":79}}],"line":53},"17":{"loc":{"start":{"line":53,"column":20},"end":{"line":53,"column":53}},"type":"binary-expr","locations":[{"start":{"line":53,"column":20},"end":{"line":53,"column":23}},{"start":{"line":53,"column":27},"end":{"line":53,"column":53}}],"line":53},"18":{"loc":{"start":{"line":54,"column":35},"end":{"line":54,"column":127}},"type":"cond-expr","locations":[{"start":{"line":54,"column":107},"end":{"line":54,"column":119}},{"start":{"line":54,"column":122},"end":{"line":54,"column":127}}],"line":54},"19":{"loc":{"start":{"line":54,"column":35},"end":{"line":54,"column":104}},"type":"binary-expr","locations":[{"start":{"line":54,"column":35},"end":{"line":54,"column":38}},{"start":{"line":54,"column":42},"end":{"line":54,"column":104}}],"line":54},"20":{"loc":{"start":{"line":62,"column":35},"end":{"line":62,"column":45}},"type":"binary-expr","locations":[{"start":{"line":62,"column":35},"end":{"line":62,"column":39}},{"start":{"line":62,"column":43},"end":{"line":62,"column":45}}],"line":62},"21":{"loc":{"start":{"line":64,"column":8},"end":{"line":68,"column":9}},"type":"if","locations":[{"start":{"line":64,"column":8},"end":{"line":68,"column":9}},{"start":{"line":64,"column":8},"end":{"line":68,"column":9}}],"line":64},"22":{"loc":{"start":{"line":66,"column":21},"end":{"line":66,"column":31}},"type":"binary-expr","locations":[{"start":{"line":66,"column":21},"end":{"line":66,"column":25}},{"start":{"line":66,"column":29},"end":{"line":66,"column":31}}],"line":66},"23":{"loc":{"start":{"line":70,"column":8},"end":{"line":70,"column":152}},"type":"if","locations":[{"start":{"line":70,"column":8},"end":{"line":70,"column":152}},{"start":{"line":70,"column":8},"end":{"line":70,"column":152}}],"line":70},"24":{"loc":{"start":{"line":73,"column":12},"end":{"line":85,"column":13}},"type":"if","locations":[{"start":{"line":73,"column":12},"end":{"line":85,"column":13}},{"start":{"line":73,"column":12},"end":{"line":85,"column":13}}],"line":73},"25":{"loc":{"start":{"line":77,"column":20},"end":{"line":77,"column":50}},"type":"if","locations":[{"start":{"line":77,"column":20},"end":{"line":77,"column":50}},{"start":{"line":77,"column":20},"end":{"line":77,"column":50}}],"line":77},"26":{"loc":{"start":{"line":79,"column":20},"end":{"line":83,"column":21}},"type":"if","locations":[{"start":{"line":79,"column":20},"end":{"line":83,"column":21}},{"start":{"line":79,"column":20},"end":{"line":83,"column":21}}],"line":79},"27":{"loc":{"start":{"line":79,"column":24},"end":{"line":79,"column":156}},"type":"binary-expr","locations":[{"start":{"line":79,"column":24},"end":{"line":79,"column":28}},{"start":{"line":79,"column":32},"end":{"line":79,"column":36}},{"start":{"line":79,"column":142},"end":{"line":79,"column":156}}],"line":79},"28":{"loc":{"start":{"line":79,"column":67},"end":{"line":79,"column":124}},"type":"cond-expr","locations":[{"start":{"line":79,"column":97},"end":{"line":79,"column":108}},{"start":{"line":79,"column":111},"end":{"line":79,"column":124}}],"line":79},"29":{"loc":{"start":{"line":80,"column":52},"end":{"line":80,"column":90}},"type":"binary-expr","locations":[{"start":{"line":80,"column":52},"end":{"line":80,"column":55}},{"start":{"line":80,"column":60},"end":{"line":80,"column":89}}],"line":80},"30":{"loc":{"start":{"line":80,"column":60},"end":{"line":80,"column":89}},"type":"cond-expr","locations":[{"start":{"line":80,"column":82},"end":{"line":80,"column":84}},{"start":{"line":80,"column":87},"end":{"line":80,"column":89}}],"line":80},"31":{"loc":{"start":{"line":81,"column":27},"end":{"line":83,"column":21}},"type":"if","locations":[{"start":{"line":81,"column":27},"end":{"line":83,"column":21}},{"start":{"line":81,"column":27},"end":{"line":83,"column":21}}],"line":81},"32":{"loc":{"start":{"line":91,"column":24},"end":{"line":91,"column":39}},"type":"binary-expr","locations":[{"start":{"line":91,"column":24},"end":{"line":91,"column":33}},{"start":{"line":91,"column":37},"end":{"line":91,"column":39}}],"line":91},"33":{"loc":{"start":{"line":94,"column":17},"end":{"line":94,"column":33}},"type":"binary-expr","locations":[{"start":{"line":94,"column":17},"end":{"line":94,"column":27}},{"start":{"line":94,"column":31},"end":{"line":94,"column":33}}],"line":94},"34":{"loc":{"start":{"line":95,"column":19},"end":{"line":95,"column":42}},"type":"binary-expr","locations":[{"start":{"line":95,"column":19},"end":{"line":95,"column":29}},{"start":{"line":95,"column":33},"end":{"line":95,"column":42}}],"line":95},"35":{"loc":{"start":{"line":96,"column":17},"end":{"line":96,"column":33}},"type":"binary-expr","locations":[{"start":{"line":96,"column":17},"end":{"line":96,"column":27}},{"start":{"line":96,"column":31},"end":{"line":96,"column":33}}],"line":96},"36":{"loc":{"start":{"line":97,"column":24},"end":{"line":97,"column":40}},"type":"binary-expr","locations":[{"start":{"line":97,"column":24},"end":{"line":97,"column":34}},{"start":{"line":97,"column":38},"end":{"line":97,"column":40}}],"line":97},"37":{"loc":{"start":{"line":98,"column":16},"end":{"line":98,"column":32}},"type":"binary-expr","locations":[{"start":{"line":98,"column":16},"end":{"line":98,"column":26}},{"start":{"line":98,"column":30},"end":{"line":98,"column":32}}],"line":98},"38":{"loc":{"start":{"line":100,"column":8},"end":{"line":100,"column":87}},"type":"if","locations":[{"start":{"line":100,"column":8},"end":{"line":100,"column":87}},{"start":{"line":100,"column":8},"end":{"line":100,"column":87}}],"line":100},"39":{"loc":{"start":{"line":100,"column":12},"end":{"line":100,"column":67}},"type":"binary-expr","locations":[{"start":{"line":100,"column":12},"end":{"line":100,"column":37}},{"start":{"line":100,"column":41},"end":{"line":100,"column":67}}],"line":100},"40":{"loc":{"start":{"line":102,"column":8},"end":{"line":106,"column":9}},"type":"if","locations":[{"start":{"line":102,"column":8},"end":{"line":106,"column":9}},{"start":{"line":102,"column":8},"end":{"line":106,"column":9}}],"line":102},"41":{"loc":{"start":{"line":102,"column":12},"end":{"line":102,"column":953}},"type":"binary-expr","locations":[{"start":{"line":102,"column":12},"end":{"line":102,"column":32}},{"start":{"line":102,"column":36},"end":{"line":102,"column":953}}],"line":102},"42":{"loc":{"start":{"line":103,"column":12},"end":{"line":105,"column":13}},"type":"if","locations":[{"start":{"line":103,"column":12},"end":{"line":105,"column":13}},{"start":{"line":103,"column":12},"end":{"line":105,"column":13}}],"line":103},"43":{"loc":{"start":{"line":103,"column":16},"end":{"line":103,"column":61}},"type":"binary-expr","locations":[{"start":{"line":103,"column":16},"end":{"line":103,"column":46}},{"start":{"line":103,"column":50},"end":{"line":103,"column":61}}],"line":103},"44":{"loc":{"start":{"line":108,"column":8},"end":{"line":110,"column":9}},"type":"if","locations":[{"start":{"line":108,"column":8},"end":{"line":110,"column":9}},{"start":{"line":108,"column":8},"end":{"line":110,"column":9}}],"line":108},"45":{"loc":{"start":{"line":116,"column":8},"end":{"line":118,"column":9}},"type":"if","locations":[{"start":{"line":116,"column":8},"end":{"line":118,"column":9}},{"start":{"line":116,"column":8},"end":{"line":118,"column":9}}],"line":116},"46":{"loc":{"start":{"line":123,"column":8},"end":{"line":130,"column":9}},"type":"if","locations":[{"start":{"line":123,"column":8},"end":{"line":130,"column":9}},{"start":{"line":123,"column":8},"end":{"line":130,"column":9}}],"line":123},"47":{"loc":{"start":{"line":127,"column":12},"end":{"line":129,"column":13}},"type":"if","locations":[{"start":{"line":127,"column":12},"end":{"line":129,"column":13}},{"start":{"line":127,"column":12},"end":{"line":129,"column":13}}],"line":127}},"s":{"0":1,"1":1,"2":0,"3":0,"4":1,"5":0,"6":0,"7":0,"8":0,"9":0,"10":0,"11":0,"12":0,"13":0,"14":0,"15":0,"16":0,"17":0,"18":0,"19":0,"20":0,"21":0,"22":0,"23":0,"24":0,"25":0,"26":0,"27":0,"28":0,"29":0,"30":0,"31":0,"32":0,"33":0,"34":0,"35":0,"36":0,"37":0,"38":0,"39":0,"40":0,"41":0,"42":0,"43":0,"44":0,"45":0,"46":0,"47":0,"48":0,"49":0,"50":0,"51":0,"52":0,"53":0,"54":0,"55":0,"56":0,"57":0,"58":0,"59":0,"60":0,"61":0,"62":0,"63":0,"64":0,"65":0,"66":0,"67":0,"68":0,"69":0,"70":0,"71":0,"72":0,"73":0,"74":0,"75":0,"76":0,"77":0,"78":0,"79":0,"80":0,"81":0,"82":0,"83":0,"84":0,"85":0,"86":0,"87":0,"88":0,"89":0,"90":0,"91":0},"f":{"0":0,"1":0,"2":0,"3":0,"4":0,"5":0,"6":0,"7":0,"8":0,"9":0,"10":0,"11":0},"b":{"0":[1,0],"1":[1,1],"2":[0,0],"3":[0,0,0,0],"4":[0,0],"5":[0,0],"6":[0,0],"7":[0,0],"8":[0,0],"9":[0,0],"10":[0,0],"11":[0,0],"12":[0,0],"13":[0,0],"14":[0,0],"15":[0,0],"16":[0,0],"17":[0,0],"18":[0,0],"19":[0,0],"20":[0,0],"21":[0,0],"22":[0,0],"23":[0,0],"24":[0,0],"25":[0,0],"26":[0,0],"27":[0,0,0],"28":[0,0],"29":[0,0],"30":[0,0],"31":[0,0],"32":[0,0],"33":[0,0],"34":[0,0],"35":[0,0],"36":[0,0],"37":[0,0],"38":[0,0],"39":[0,0],"40":[0,0],"41":[0,0],"42":[0,0],"43":[0,0],"44":[0,0],"45":[0,0],"46":[0,0],"47":[0,0]},"_coverageSchema":"332fd63041d2c1bcb487cc26dd0d5f7d97098a6c","hash":"ff3d3fa962198cbfc7c55310b90bcd90a1945d7c"}
,"C:\\Work\\sm-front-common\\sm-react-common-comments\\src\\services\\searchByName.js": {"path":"C:\\Work\\sm-front-common\\sm-react-common-comments\\src\\services\\searchByName.js","statementMap":{"0":{"start":{"line":1,"column":39},"end":{"line":1,"column":101}},"1":{"start":{"line":1,"column":101},"end":{"line":4,"column":32}},"2":{"start":{"line":15,"column":200},"end":{"line":15,"column":254}},"3":{"start":{"line":15,"column":408},"end":{"line":15,"column":443}},"4":{"start":{"line":15,"column":488},"end":{"line":15,"column":582}},"5":{"start":{"line":15,"column":913},"end":{"line":15,"column":940}},"6":{"start":{"line":15,"column":985},"end":{"line":15,"column":1079}}},"fnMap":{"0":{"name":"_interopRequireDefault","decl":{"start":{"line":15,"column":171},"end":{"line":15,"column":193}},"loc":{"start":{"line":15,"column":199},"end":{"line":15,"column":255}},"line":15},"1":{"name":"scrollToByName","decl":{"start":{"line":15,"column":264},"end":{"line":15,"column":278}},"loc":{"start":{"line":15,"column":285},"end":{"line":15,"column":743}},"line":15},"2":{"name":"scrollToById","decl":{"start":{"line":15,"column":773},"end":{"line":15,"column":785}},"loc":{"start":{"line":15,"column":790},"end":{"line":15,"column":1240}},"line":15},"3":{"name":"scrollToByPos","decl":{"start":{"line":15,"column":1249},"end":{"line":15,"column":1262}},"loc":{"start":{"line":15,"column":1268},"end":{"line":17,"column":1}},"line":15}},"branchMap":{"0":{"loc":{"start":{"line":15,"column":207},"end":{"line":15,"column":253}},"type":"cond-expr","locations":[{"start":{"line":15,"column":231},"end":{"line":15,"column":234}},{"start":{"line":15,"column":237},"end":{"line":15,"column":253}}],"line":15},"1":{"loc":{"start":{"line":15,"column":207},"end":{"line":15,"column":228}},"type":"binary-expr","locations":[{"start":{"line":15,"column":207},"end":{"line":15,"column":210}},{"start":{"line":15,"column":214},"end":{"line":15,"column":228}}],"line":15}},"s":{"0":0,"1":0,"2":0,"3":0,"4":0,"5":0,"6":0},"f":{"0":0,"1":0,"2":0,"3":0},"b":{"0":[0,0],"1":[0,0]}}
}
