{"C:\\Work\\sm-front-common\\sm-react-common-modal\\src\\index.js": {"path":"C:\\Work\\sm-front-common\\sm-react-common-modal\\src\\index.js","statementMap":{"0":{"start":{"line":1,"column":39},"end":{"line":1,"column":101}},"1":{"start":{"line":1,"column":101},"end":{"line":1,"column":253}},"2":{"start":{"line":1,"column":267},"end":{"line":1,"column":285}},"3":{"start":{"line":1,"column":300},"end":{"line":1,"column":331}},"4":{"start":{"line":1,"column":350},"end":{"line":1,"column":372}},"5":{"start":{"line":1,"column":391},"end":{"line":1,"column":426}},"6":{"start":{"line":1,"column":446},"end":{"line":1,"column":469}},"7":{"start":{"line":1,"column":489},"end":{"line":1,"column":525}},"8":{"start":{"line":1,"column":546},"end":{"line":1,"column":570}},"9":{"start":{"line":1,"column":591},"end":{"line":1,"column":628}},"10":{"start":{"line":1,"column":647},"end":{"line":1,"column":669}},"11":{"start":{"line":1,"column":688},"end":{"line":1,"column":723}},"12":{"start":{"line":1,"column":744},"end":{"line":1,"column":768}},"13":{"start":{"line":1,"column":789},"end":{"line":1,"column":826}},"14":{"start":{"line":1,"column":846},"end":{"line":1,"column":869}},"15":{"start":{"line":1,"column":889},"end":{"line":1,"column":925}},"16":{"start":{"line":1,"column":964},"end":{"line":1,"column":1018}},"17":{"start":{"line":1,"column":1019},"end":{"line":1,"column":1051}}},"fnMap":{"0":{"name":"_interopRequireDefault","decl":{"start":{"line":1,"column":935},"end":{"line":1,"column":957}},"loc":{"start":{"line":1,"column":963},"end":{"line":1,"column":1019}},"line":1}},"branchMap":{"0":{"loc":{"start":{"line":1,"column":971},"end":{"line":1,"column":1017}},"type":"cond-expr","locations":[{"start":{"line":1,"column":995},"end":{"line":1,"column":998}},{"start":{"line":1,"column":1001},"end":{"line":1,"column":1017}}],"line":1},"1":{"loc":{"start":{"line":1,"column":971},"end":{"line":1,"column":992}},"type":"binary-expr","locations":[{"start":{"line":1,"column":971},"end":{"line":1,"column":974}},{"start":{"line":1,"column":978},"end":{"line":1,"column":992}}],"line":1}},"s":{"0":1,"1":1,"2":1,"3":1,"4":1,"5":1,"6":1,"7":1,"8":1,"9":1,"10":1,"11":1,"12":1,"13":1,"14":1,"15":1,"16":7,"17":1},"f":{"0":7},"b":{"0":[7,0],"1":[7,7]},"_coverageSchema":"332fd63041d2c1bcb487cc26dd0d5f7d97098a6c","hash":"f0f5837775849cf34e180c60c8dee2b3b0c7f934"}
,"C:\\Work\\sm-front-common\\sm-react-common-modal\\src\\Modal\\index.js": {"path":"C:\\Work\\sm-front-common\\sm-react-common-modal\\src\\Modal\\index.js","statementMap":{"0":{"start":{"line":1,"column":39},"end":{"line":1,"column":101}},"1":{"start":{"line":1,"column":120},"end":{"line":1,"column":649}},"2":{"start":{"line":1,"column":175},"end":{"line":1,"column":440}},"3":{"start":{"line":1,"column":232},"end":{"line":1,"column":240}},"4":{"start":{"line":1,"column":241},"end":{"line":1,"column":296}},"5":{"start":{"line":1,"column":296},"end":{"line":1,"column":327}},"6":{"start":{"line":1,"column":327},"end":{"line":1,"column":381}},"7":{"start":{"line":1,"column":354},"end":{"line":1,"column":381}},"8":{"start":{"line":1,"column":381},"end":{"line":1,"column":439}},"9":{"start":{"line":1,"column":441},"end":{"line":1,"column":646}},"10":{"start":{"line":1,"column":497},"end":{"line":1,"column":565}},"11":{"start":{"line":1,"column":513},"end":{"line":1,"column":565}},"12":{"start":{"line":1,"column":565},"end":{"line":1,"column":625}},"13":{"start":{"line":1,"column":582},"end":{"line":1,"column":625}},"14":{"start":{"line":1,"column":625},"end":{"line":1,"column":644}},"15":{"start":{"line":3,"column":218},"end":{"line":3,"column":317}},"16":{"start":{"line":3,"column":259},"end":{"line":3,"column":316}},"17":{"start":{"line":3,"column":367},"end":{"line":3,"column":466}},"18":{"start":{"line":3,"column":379},"end":{"line":3,"column":465}},"19":{"start":{"line":3,"column":466},"end":{"line":3,"column":552}},"20":{"start":{"line":3,"column":595},"end":{"line":3,"column":758}},"21":{"start":{"line":3,"column":657},"end":{"line":3,"column":757}},"22":{"start":{"line":3,"column":758},"end":{"line":3,"column":922}},"23":{"start":{"line":3,"column":922},"end":{"line":3,"column":1040}},"24":{"start":{"line":3,"column":938},"end":{"line":3,"column":1040}},"25":{"start":{"line":5,"column":8},"end":{"line":28,"column":103}},"26":{"start":{"line":5,"column":37},"end":{"line":5,"column":72}},"27":{"start":{"line":5,"column":122},"end":{"line":5,"column":151}},"28":{"start":{"line":5,"column":151},"end":{"line":5,"column":267}},"29":{"start":{"line":5,"column":237},"end":{"line":5,"column":266}},"30":{"start":{"line":5,"column":267},"end":{"line":9,"column":53}},"31":{"start":{"line":8,"column":3},"end":{"line":8,"column":109}},"32":{"start":{"line":9,"column":54},"end":{"line":28,"column":8}},"33":{"start":{"line":12,"column":3},"end":{"line":26,"column":4}},"34":{"start":{"line":13,"column":4},"end":{"line":22,"column":181}},"35":{"start":{"line":27,"column":3},"end":{"line":27,"column":15}},"36":{"start":{"line":28,"column":8},"end":{"line":28,"column":21}},"37":{"start":{"line":31,"column":0},"end":{"line":34,"column":91}}},"fnMap":{"0":{"name":"(anonymous_0)","decl":{"start":{"line":1,"column":120},"end":{"line":1,"column":121}},"loc":{"start":{"line":1,"column":132},"end":{"line":1,"column":647}},"line":1},"1":{"name":"defineProperties","decl":{"start":{"line":1,"column":142},"end":{"line":1,"column":158}},"loc":{"start":{"line":1,"column":174},"end":{"line":1,"column":441}},"line":1},"2":{"name":"(anonymous_2)","decl":{"start":{"line":1,"column":448},"end":{"line":1,"column":449}},"loc":{"start":{"line":1,"column":496},"end":{"line":1,"column":645}},"line":1},"3":{"name":"_classCallCheck","decl":{"start":{"line":3,"column":178},"end":{"line":3,"column":193}},"loc":{"start":{"line":3,"column":217},"end":{"line":3,"column":318}},"line":3},"4":{"name":"_possibleConstructorReturn","decl":{"start":{"line":3,"column":327},"end":{"line":3,"column":353}},"loc":{"start":{"line":3,"column":366},"end":{"line":3,"column":553}},"line":3},"5":{"name":"_inherits","decl":{"start":{"line":3,"column":562},"end":{"line":3,"column":571}},"loc":{"start":{"line":3,"column":594},"end":{"line":3,"column":1041}},"line":3},"6":{"name":"(anonymous_6)","decl":{"start":{"line":5,"column":8},"end":{"line":5,"column":9}},"loc":{"start":{"line":5,"column":36},"end":{"line":28,"column":22}},"line":5},"7":{"name":"Modal","decl":{"start":{"line":5,"column":81},"end":{"line":5,"column":86}},"loc":{"start":{"line":5,"column":89},"end":{"line":9,"column":54}},"line":5},"8":{"name":"(anonymous_8)","decl":{"start":{"line":7,"column":20},"end":{"line":7,"column":21}},"loc":{"start":{"line":7,"column":34},"end":{"line":9,"column":3}},"line":7},"9":{"name":"render","decl":{"start":{"line":9,"column":108},"end":{"line":9,"column":114}},"loc":{"start":{"line":11,"column":2},"end":{"line":28,"column":3}},"line":11}},"branchMap":{"0":{"loc":{"start":{"line":1,"column":265},"end":{"line":1,"column":295}},"type":"binary-expr","locations":[{"start":{"line":1,"column":265},"end":{"line":1,"column":286}},{"start":{"line":1,"column":290},"end":{"line":1,"column":295}}],"line":1},"1":{"loc":{"start":{"line":1,"column":327},"end":{"line":1,"column":381}},"type":"if","locations":[{"start":{"line":1,"column":327},"end":{"line":1,"column":381}},{"start":{"line":1,"column":327},"end":{"line":1,"column":381}}],"line":1},"2":{"loc":{"start":{"line":1,"column":497},"end":{"line":1,"column":565}},"type":"if","locations":[{"start":{"line":1,"column":497},"end":{"line":1,"column":565}},{"start":{"line":1,"column":497},"end":{"line":1,"column":565}}],"line":1},"3":{"loc":{"start":{"line":1,"column":565},"end":{"line":1,"column":625}},"type":"if","locations":[{"start":{"line":1,"column":565},"end":{"line":1,"column":625}},{"start":{"line":1,"column":565},"end":{"line":1,"column":625}}],"line":1},"4":{"loc":{"start":{"line":3,"column":218},"end":{"line":3,"column":317}},"type":"if","locations":[{"start":{"line":3,"column":218},"end":{"line":3,"column":317}},{"start":{"line":3,"column":218},"end":{"line":3,"column":317}}],"line":3},"5":{"loc":{"start":{"line":3,"column":367},"end":{"line":3,"column":466}},"type":"if","locations":[{"start":{"line":3,"column":367},"end":{"line":3,"column":466}},{"start":{"line":3,"column":367},"end":{"line":3,"column":466}}],"line":3},"6":{"loc":{"start":{"line":3,"column":473},"end":{"line":3,"column":551}},"type":"cond-expr","locations":[{"start":{"line":3,"column":540},"end":{"line":3,"column":544}},{"start":{"line":3,"column":547},"end":{"line":3,"column":551}}],"line":3},"7":{"loc":{"start":{"line":3,"column":473},"end":{"line":3,"column":537}},"type":"binary-expr","locations":[{"start":{"line":3,"column":473},"end":{"line":3,"column":477}},{"start":{"line":3,"column":482},"end":{"line":3,"column":506}},{"start":{"line":3,"column":510},"end":{"line":3,"column":536}}],"line":3},"8":{"loc":{"start":{"line":3,"column":595},"end":{"line":3,"column":758}},"type":"if","locations":[{"start":{"line":3,"column":595},"end":{"line":3,"column":758}},{"start":{"line":3,"column":595},"end":{"line":3,"column":758}}],"line":3},"9":{"loc":{"start":{"line":3,"column":599},"end":{"line":3,"column":654}},"type":"binary-expr","locations":[{"start":{"line":3,"column":599},"end":{"line":3,"column":631}},{"start":{"line":3,"column":635},"end":{"line":3,"column":654}}],"line":3},"10":{"loc":{"start":{"line":3,"column":793},"end":{"line":3,"column":827}},"type":"binary-expr","locations":[{"start":{"line":3,"column":793},"end":{"line":3,"column":803}},{"start":{"line":3,"column":807},"end":{"line":3,"column":827}}],"line":3},"11":{"loc":{"start":{"line":3,"column":922},"end":{"line":3,"column":1040}},"type":"if","locations":[{"start":{"line":3,"column":922},"end":{"line":3,"column":1040}},{"start":{"line":3,"column":922},"end":{"line":3,"column":1040}}],"line":3},"12":{"loc":{"start":{"line":3,"column":938},"end":{"line":3,"column":1039}},"type":"cond-expr","locations":[{"start":{"line":3,"column":962},"end":{"line":3,"column":1005}},{"start":{"line":3,"column":1008},"end":{"line":3,"column":1039}}],"line":3},"13":{"loc":{"start":{"line":5,"column":340},"end":{"line":5,"column":387}},"type":"binary-expr","locations":[{"start":{"line":5,"column":340},"end":{"line":5,"column":355}},{"start":{"line":5,"column":359},"end":{"line":5,"column":387}}],"line":5},"14":{"loc":{"start":{"line":8,"column":3},"end":{"line":8,"column":109}},"type":"if","locations":[{"start":{"line":8,"column":3},"end":{"line":8,"column":109}},{"start":{"line":8,"column":3},"end":{"line":8,"column":109}}],"line":8},"15":{"loc":{"start":{"line":12,"column":3},"end":{"line":26,"column":4}},"type":"if","locations":[{"start":{"line":12,"column":3},"end":{"line":26,"column":4}},{"start":{"line":12,"column":3},"end":{"line":26,"column":4}}],"line":12}},"s":{"0":3,"1":3,"2":3,"3":3,"4":3,"5":3,"6":3,"7":3,"8":3,"9":3,"10":3,"11":3,"12":3,"13":0,"14":3,"15":1,"16":0,"17":2,"18":0,"19":2,"20":3,"21":0,"22":3,"23":3,"24":3,"25":3,"26":3,"27":1,"28":1,"29":3,"30":1,"31":0,"32":3,"33":2,"34":2,"35":0,"36":3,"37":3},"f":{"0":3,"1":3,"2":3,"3":1,"4":2,"5":3,"6":3,"7":1,"8":0,"9":2},"b":{"0":[3,3],"1":[3,0],"2":[3,0],"3":[0,3],"4":[0,1],"5":[0,2],"6":[1,1],"7":[2,1,0],"8":[0,3],"9":[3,0],"10":[3,3],"11":[3,0],"12":[3,0],"13":[1,0],"14":[0,0],"15":[2,0]},"_coverageSchema":"332fd63041d2c1bcb487cc26dd0d5f7d97098a6c","hash":"93e2031bf1873db82dc19a7b7a3d90b5940d4526"}
,"C:\\Work\\sm-front-common\\sm-react-common-modal\\src\\ModalBody\\index.js": {"path":"C:\\Work\\sm-front-common\\sm-react-common-modal\\src\\ModalBody\\index.js","statementMap":{"0":{"start":{"line":1,"column":39},"end":{"line":1,"column":101}},"1":{"start":{"line":1,"column":101},"end":{"line":4,"column":10}},"2":{"start":{"line":4,"column":321},"end":{"line":4,"column":375}},"3":{"start":{"line":5,"column":1},"end":{"line":5,"column":171}},"4":{"start":{"line":8,"column":0},"end":{"line":9,"column":91}}},"fnMap":{"0":{"name":"_interopRequireDefault","decl":{"start":{"line":4,"column":292},"end":{"line":4,"column":314}},"loc":{"start":{"line":4,"column":320},"end":{"line":4,"column":376}},"line":4},"1":{"name":"ModalBody","decl":{"start":{"line":4,"column":385},"end":{"line":4,"column":394}},"loc":{"start":{"line":4,"column":402},"end":{"line":6,"column":1}},"line":4}},"branchMap":{"0":{"loc":{"start":{"line":4,"column":328},"end":{"line":4,"column":374}},"type":"cond-expr","locations":[{"start":{"line":4,"column":352},"end":{"line":4,"column":355}},{"start":{"line":4,"column":358},"end":{"line":4,"column":374}}],"line":4},"1":{"loc":{"start":{"line":4,"column":328},"end":{"line":4,"column":349}},"type":"binary-expr","locations":[{"start":{"line":4,"column":328},"end":{"line":4,"column":331}},{"start":{"line":4,"column":335},"end":{"line":4,"column":349}}],"line":4}},"s":{"0":3,"1":3,"2":6,"3":2,"4":3},"f":{"0":6,"1":2},"b":{"0":[0,6],"1":[6,6]},"_coverageSchema":"332fd63041d2c1bcb487cc26dd0d5f7d97098a6c","hash":"e9f3573d698c36e46a6d8f0ce08b66c30bd360ff"}
,"C:\\Work\\sm-front-common\\sm-react-common-modal\\src\\ModalClose\\index.js": {"path":"C:\\Work\\sm-front-common\\sm-react-common-modal\\src\\ModalClose\\index.js","statementMap":{"0":{"start":{"line":1,"column":39},"end":{"line":1,"column":101}},"1":{"start":{"line":1,"column":101},"end":{"line":4,"column":11}},"2":{"start":{"line":4,"column":322},"end":{"line":4,"column":376}},"3":{"start":{"line":5,"column":1},"end":{"line":5,"column":351}},"4":{"start":{"line":8,"column":0},"end":{"line":10,"column":90}}},"fnMap":{"0":{"name":"_interopRequireDefault","decl":{"start":{"line":4,"column":293},"end":{"line":4,"column":315}},"loc":{"start":{"line":4,"column":321},"end":{"line":4,"column":377}},"line":4},"1":{"name":"ModalClose","decl":{"start":{"line":4,"column":386},"end":{"line":4,"column":396}},"loc":{"start":{"line":4,"column":404},"end":{"line":6,"column":1}},"line":4}},"branchMap":{"0":{"loc":{"start":{"line":4,"column":329},"end":{"line":4,"column":375}},"type":"cond-expr","locations":[{"start":{"line":4,"column":353},"end":{"line":4,"column":356}},{"start":{"line":4,"column":359},"end":{"line":4,"column":375}}],"line":4},"1":{"loc":{"start":{"line":4,"column":329},"end":{"line":4,"column":350}},"type":"binary-expr","locations":[{"start":{"line":4,"column":329},"end":{"line":4,"column":332}},{"start":{"line":4,"column":336},"end":{"line":4,"column":350}}],"line":4}},"s":{"0":3,"1":3,"2":6,"3":3,"4":3},"f":{"0":6,"1":3},"b":{"0":[0,6],"1":[6,6]},"_coverageSchema":"332fd63041d2c1bcb487cc26dd0d5f7d97098a6c","hash":"e37422b01e918115ad8f83fe1da65a8d4e9994db"}
,"C:\\Work\\sm-front-common\\sm-react-common-modal\\src\\ModalFooter\\index.js": {"path":"C:\\Work\\sm-front-common\\sm-react-common-modal\\src\\ModalFooter\\index.js","statementMap":{"0":{"start":{"line":1,"column":39},"end":{"line":1,"column":101}},"1":{"start":{"line":1,"column":101},"end":{"line":4,"column":12}},"2":{"start":{"line":4,"column":323},"end":{"line":4,"column":377}},"3":{"start":{"line":5,"column":1},"end":{"line":5,"column":173}},"4":{"start":{"line":8,"column":0},"end":{"line":9,"column":91}}},"fnMap":{"0":{"name":"_interopRequireDefault","decl":{"start":{"line":4,"column":294},"end":{"line":4,"column":316}},"loc":{"start":{"line":4,"column":322},"end":{"line":4,"column":378}},"line":4},"1":{"name":"ModalFooter","decl":{"start":{"line":4,"column":387},"end":{"line":4,"column":398}},"loc":{"start":{"line":4,"column":406},"end":{"line":6,"column":1}},"line":4}},"branchMap":{"0":{"loc":{"start":{"line":4,"column":330},"end":{"line":4,"column":376}},"type":"cond-expr","locations":[{"start":{"line":4,"column":354},"end":{"line":4,"column":357}},{"start":{"line":4,"column":360},"end":{"line":4,"column":376}}],"line":4},"1":{"loc":{"start":{"line":4,"column":330},"end":{"line":4,"column":351}},"type":"binary-expr","locations":[{"start":{"line":4,"column":330},"end":{"line":4,"column":333}},{"start":{"line":4,"column":337},"end":{"line":4,"column":351}}],"line":4}},"s":{"0":2,"1":2,"2":4,"3":2,"4":2},"f":{"0":4,"1":2},"b":{"0":[0,4],"1":[4,4]},"_coverageSchema":"332fd63041d2c1bcb487cc26dd0d5f7d97098a6c","hash":"103c757d5c3917a02b138f1eca7e1b2b52728fe9"}
,"C:\\Work\\sm-front-common\\sm-react-common-modal\\src\\ModalForm\\index.js": {"path":"C:\\Work\\sm-front-common\\sm-react-common-modal\\src\\ModalForm\\index.js","statementMap":{"0":{"start":{"line":1,"column":39},"end":{"line":1,"column":101}},"1":{"start":{"line":7,"column":189},"end":{"line":7,"column":243}},"2":{"start":{"line":11,"column":1},"end":{"line":22,"column":22}},"3":{"start":{"line":27,"column":0},"end":{"line":32,"column":91}},"4":{"start":{"line":35,"column":0},"end":{"line":36,"column":12}}},"fnMap":{"0":{"name":"_interopRequireDefault","decl":{"start":{"line":7,"column":160},"end":{"line":7,"column":182}},"loc":{"start":{"line":7,"column":188},"end":{"line":7,"column":244}},"line":7},"1":{"name":"ModalForm","decl":{"start":{"line":10,"column":9},"end":{"line":10,"column":18}},"loc":{"start":{"line":10,"column":26},"end":{"line":25,"column":1}},"line":10}},"branchMap":{"0":{"loc":{"start":{"line":7,"column":196},"end":{"line":7,"column":242}},"type":"cond-expr","locations":[{"start":{"line":7,"column":220},"end":{"line":7,"column":223}},{"start":{"line":7,"column":226},"end":{"line":7,"column":242}}],"line":7},"1":{"loc":{"start":{"line":7,"column":196},"end":{"line":7,"column":217}},"type":"binary-expr","locations":[{"start":{"line":7,"column":196},"end":{"line":7,"column":199}},{"start":{"line":7,"column":203},"end":{"line":7,"column":217}}],"line":7}},"s":{"0":2,"1":14,"2":1,"3":2,"4":2},"f":{"0":14,"1":1},"b":{"0":[10,4],"1":[14,14]},"_coverageSchema":"332fd63041d2c1bcb487cc26dd0d5f7d97098a6c","hash":"36e75ab4efa225edbbe80aa368fe6c811bc65863"}
,"C:\\Work\\sm-front-common\\sm-react-common-modal\\src\\ModalHeader\\index.js": {"path":"C:\\Work\\sm-front-common\\sm-react-common-modal\\src\\ModalHeader\\index.js","statementMap":{"0":{"start":{"line":1,"column":39},"end":{"line":1,"column":101}},"1":{"start":{"line":1,"column":101},"end":{"line":4,"column":12}},"2":{"start":{"line":4,"column":323},"end":{"line":4,"column":377}},"3":{"start":{"line":5,"column":1},"end":{"line":5,"column":173}},"4":{"start":{"line":8,"column":0},"end":{"line":9,"column":91}}},"fnMap":{"0":{"name":"_interopRequireDefault","decl":{"start":{"line":4,"column":294},"end":{"line":4,"column":316}},"loc":{"start":{"line":4,"column":322},"end":{"line":4,"column":378}},"line":4},"1":{"name":"ModalHeader","decl":{"start":{"line":4,"column":387},"end":{"line":4,"column":398}},"loc":{"start":{"line":4,"column":406},"end":{"line":6,"column":1}},"line":4}},"branchMap":{"0":{"loc":{"start":{"line":4,"column":330},"end":{"line":4,"column":376}},"type":"cond-expr","locations":[{"start":{"line":4,"column":354},"end":{"line":4,"column":357}},{"start":{"line":4,"column":360},"end":{"line":4,"column":376}}],"line":4},"1":{"loc":{"start":{"line":4,"column":330},"end":{"line":4,"column":351}},"type":"binary-expr","locations":[{"start":{"line":4,"column":330},"end":{"line":4,"column":333}},{"start":{"line":4,"column":337},"end":{"line":4,"column":351}}],"line":4}},"s":{"0":3,"1":3,"2":6,"3":2,"4":3},"f":{"0":6,"1":2},"b":{"0":[0,6],"1":[6,6]},"_coverageSchema":"332fd63041d2c1bcb487cc26dd0d5f7d97098a6c","hash":"9dd70a3934813c6a865a7a203125bfae8b664f00"}
,"C:\\Work\\sm-front-common\\sm-react-common-modal\\src\\ModalTitle\\index.js": {"path":"C:\\Work\\sm-front-common\\sm-react-common-modal\\src\\ModalTitle\\index.js","statementMap":{"0":{"start":{"line":1,"column":39},"end":{"line":1,"column":101}},"1":{"start":{"line":1,"column":101},"end":{"line":4,"column":11}},"2":{"start":{"line":4,"column":322},"end":{"line":4,"column":376}},"3":{"start":{"line":5,"column":1},"end":{"line":5,"column":171}},"4":{"start":{"line":8,"column":0},"end":{"line":9,"column":91}}},"fnMap":{"0":{"name":"_interopRequireDefault","decl":{"start":{"line":4,"column":293},"end":{"line":4,"column":315}},"loc":{"start":{"line":4,"column":321},"end":{"line":4,"column":377}},"line":4},"1":{"name":"ModalTitle","decl":{"start":{"line":4,"column":386},"end":{"line":4,"column":396}},"loc":{"start":{"line":4,"column":404},"end":{"line":6,"column":1}},"line":4}},"branchMap":{"0":{"loc":{"start":{"line":4,"column":329},"end":{"line":4,"column":375}},"type":"cond-expr","locations":[{"start":{"line":4,"column":353},"end":{"line":4,"column":356}},{"start":{"line":4,"column":359},"end":{"line":4,"column":375}}],"line":4},"1":{"loc":{"start":{"line":4,"column":329},"end":{"line":4,"column":350}},"type":"binary-expr","locations":[{"start":{"line":4,"column":329},"end":{"line":4,"column":332}},{"start":{"line":4,"column":336},"end":{"line":4,"column":350}}],"line":4}},"s":{"0":3,"1":3,"2":6,"3":2,"4":3},"f":{"0":6,"1":2},"b":{"0":[0,6],"1":[6,6]},"_coverageSchema":"332fd63041d2c1bcb487cc26dd0d5f7d97098a6c","hash":"a325ee6eb620a93c0e987764317dff31e9b71bb9"}
}
