TN:
SF:C:\Work\sm-front-common\sm-react-common-comments\src\index.js
FN:1,_interopRequireDefault
FNF:1
FNH:1
FNDA:3,_interopRequireDefault
DA:1,3
LF:1
LH:1
BRDA:1,0,0,0
BRDA:1,0,1,3
BRDA:1,1,0,3
BRDA:1,1,1,0
BRF:4
BRH:2
end_of_record
TN:
SF:C:\Work\sm-front-common\sm-react-common-comments\src\CommentsForm\index.js
FN:3,_interopRequireDefault
FN:5,CommentsForm
FNF:2
FNH:2
FNDA:3,_interopRequireDefault
FNDA:4,CommentsForm
DA:1,1
DA:3,3
DA:7,4
DA:35,1
LF:4
LH:4
BRDA:3,0,0,1
BRDA:3,0,1,2
BRDA:3,1,0,3
BRDA:3,1,1,3
BRDA:10,3,0,0
BRDA:18,4,0,3
BRDA:26,5,0,3
BRDA:26,5,1,1
BRF:8
BRH:7
end_of_record
TN:
SF:C:\Work\sm-front-common\sm-react-common-comments\src\CommentsList\index.js
FN:7,CommentsList
FN:17,(anonymous_1)
FNF:2
FNH:2
FNDA:14,CommentsList
FNDA:14,(anonymous_1)
DA:1,1
DA:17,14
DA:78,1
DA:88,1
LF:4
LH:4
BRF:0
BRH:0
end_of_record
TN:
SF:C:\Work\sm-front-common\sm-react-common-comments\src\MessagesForm\index.js
FN:1,(anonymous_0)
FN:1,defineProperties
FN:1,(anonymous_2)
FN:5,_classCallCheck
FN:5,_possibleConstructorReturn
FN:5,_inherits
FNF:6
FNH:6
FNDA:2,(anonymous_0)
FNDA:2,defineProperties
FNDA:2,(anonymous_2)
FNDA:7,_classCallCheck
FNDA:7,_possibleConstructorReturn
FNDA:2,_inherits
DA:1,4
DA:5,7
DA:7,2
DA:115,2
DA:119,2
DA:136,2
LF:6
LH:6
BRDA:1,0,0,4
BRDA:1,0,1,4
BRDA:1,1,0,4
BRDA:1,1,1,0
BRDA:1,2,0,2
BRDA:1,2,1,0
BRDA:1,3,0,0
BRDA:1,3,1,2
BRDA:5,4,0,0
BRDA:5,4,1,7
BRDA:5,5,0,0
BRDA:5,5,1,7
BRDA:5,6,0,0
BRDA:5,6,1,7
BRDA:5,7,0,7
BRDA:5,7,1,0
BRDA:5,7,2,0
BRDA:5,8,0,0
BRDA:5,8,1,2
BRDA:5,9,0,2
BRDA:5,9,1,0
BRDA:5,10,0,2
BRDA:5,10,1,2
BRDA:5,11,0,2
BRDA:5,11,1,0
BRDA:5,12,0,2
BRDA:5,12,1,0
BRF:27
BRH:15
end_of_record
TN:
SF:C:\Work\sm-front-common\sm-react-common-comments\src\services\DateHelper.js
FN:118,monthAsWord
FN:118,timeValueInTwoDigit
FN:118,timestampToReadableDigitDate
FN:118,timestampToReadableDigitDateDDMMYYYY
FN:118,buildDDMMYYYYDateByStr
FN:118,timestampToReadableDate
FN:118,timestampToReadableDateToOneDay
FN:118,timestampToReadableDateWithSecons
FN:118,deductTimezone
FN:118,getTimeLeft
FN:118,secondsToReadableTime
FN:118,secondsToRedableHoursAndMinutes
FN:118,secondsToRedableDHM
FN:118,dateToPHPUnix
FNF:14
FNH:2
FNDA:0,monthAsWord
FNDA:16,timeValueInTwoDigit
FNDA:8,timestampToReadableDigitDate
FNDA:0,timestampToReadableDigitDateDDMMYYYY
FNDA:0,buildDDMMYYYYDateByStr
FNDA:0,timestampToReadableDate
FNDA:0,timestampToReadableDateToOneDay
FNDA:0,timestampToReadableDateWithSecons
FNDA:0,deductTimezone
FNDA:0,getTimeLeft
FNDA:0,secondsToReadableTime
FNDA:0,secondsToRedableHoursAndMinutes
FNDA:0,secondsToRedableDHM
FNDA:0,dateToPHPUnix
DA:1,1
DA:118,16
DA:119,0
DA:120,0
DA:121,0
DA:122,0
DA:124,0
LF:7
LH:2
BRDA:118,0,0,0
BRDA:118,0,1,0
BRDA:118,1,0,0
BRDA:118,1,1,0
BRDA:118,2,0,0
BRDA:118,2,1,0
BRDA:118,3,0,0
BRDA:118,3,1,0
BRDA:118,4,0,0
BRDA:118,4,1,0
BRDA:118,5,0,0
BRDA:118,5,1,0
BRDA:118,6,0,0
BRDA:118,6,1,0
BRDA:118,7,0,0
BRDA:118,7,1,0
BRDA:118,8,0,0
BRDA:118,8,1,0
BRDA:118,9,0,0
BRDA:118,9,1,0
BRDA:118,10,0,0
BRDA:118,10,1,0
BRDA:118,11,0,0
BRDA:118,11,1,0
BRDA:118,12,0,8
BRDA:118,12,1,8
BRDA:118,13,0,0
BRDA:118,13,1,0
BRDA:118,14,0,0
BRDA:118,14,1,0
BRDA:118,15,0,0
BRDA:118,15,1,0
BRDA:118,16,0,0
BRDA:118,16,1,0
BRDA:118,17,0,0
BRDA:118,17,1,0
BRF:36
BRH:2
end_of_record
TN:
SF:C:\Work\sm-front-common\sm-react-common-comments\src\services\PluralTextHelper.js
FN:50,convertToPlural
FN:50,plural_type
FN:50,seconds_plural
FNF:3
FNH:0
FNDA:0,convertToPlural
FNDA:0,plural_type
FNDA:0,seconds_plural
DA:1,1
DA:50,0
LF:2
LH:1
BRDA:50,0,0,0
BRDA:50,0,1,0
BRDA:50,0,2,0
BRDA:50,0,3,0
BRDA:50,0,4,0
BRDA:50,0,5,0
BRDA:50,0,6,0
BRDA:50,0,7,0
BRDA:50,1,0,0
BRDA:50,1,1,0
BRDA:50,2,0,0
BRDA:50,2,1,0
BRDA:50,3,0,0
BRDA:50,3,1,0
BRDA:50,4,0,0
BRDA:50,4,1,0
BRDA:50,4,2,0
BRDA:50,4,3,0
BRDA:50,5,0,0
BRDA:50,5,1,0
BRDA:50,6,0,0
BRDA:50,6,1,0
BRDA:50,7,0,0
BRDA:50,7,1,0
BRDA:50,8,0,0
BRDA:50,8,1,0
BRDA:50,8,2,0
BRDA:50,8,3,0
BRF:28
BRH:0
end_of_record
TN:
SF:C:\Work\sm-front-common\sm-react-common-comments\src\services\UrlReplacer.js
FN:1,(anonymous_0)
FN:1,(anonymous_1)
FN:2,findAndReplaceLinks
FN:3,indexOf
FN:10,clean
FN:14,replaceEntities
FN:18,se
FN:22,ce
FN:29,setStyle
FN:32,(anonymous_9)
FN:61,extend
FN:92,(anonymous_11)
FNF:12
FNH:0
FNDA:0,(anonymous_0)
FNDA:0,(anonymous_1)
FNDA:0,findAndReplaceLinks
FNDA:0,indexOf
FNDA:0,clean
FNDA:0,replaceEntities
FNDA:0,se
FNDA:0,ce
FNDA:0,setStyle
FNDA:0,(anonymous_9)
FNDA:0,extend
FNDA:0,(anonymous_11)
DA:1,1
DA:4,0
DA:5,0
DA:7,0
DA:11,0
DA:15,0
DA:19,0
DA:23,0
DA:24,0
DA:25,0
DA:26,0
DA:30,0
DA:31,0
DA:32,0
DA:33,0
DA:35,0
DA:36,0
DA:37,0
DA:38,0
DA:39,0
DA:41,0
DA:44,0
DA:46,0
DA:49,0
DA:51,0
DA:52,0
DA:53,0
DA:54,0
DA:56,0
DA:62,0
DA:64,0
DA:65,0
DA:66,0
DA:67,0
DA:70,0
DA:72,0
DA:73,0
DA:74,0
DA:75,0
DA:77,0
DA:79,0
DA:80,0
DA:81,0
DA:82,0
DA:88,0
DA:91,0
DA:93,0
DA:94,0
DA:95,0
DA:96,0
DA:97,0
DA:98,0
DA:100,0
DA:101,0
DA:102,0
DA:103,0
DA:104,0
DA:108,0
DA:109,0
DA:111,0
DA:112,0
DA:116,0
DA:117,0
DA:119,0
DA:121,0
DA:122,0
DA:123,0
DA:124,0
DA:126,0
DA:127,0
DA:128,0
DA:131,0
DA:134,0
LF:73
LH:1
BRDA:1,0,0,1
BRDA:1,0,1,0
BRDA:1,1,0,1
BRDA:1,1,1,1
BRDA:1,2,0,0
BRDA:1,2,1,0
BRDA:1,3,0,0
BRDA:1,3,1,0
BRDA:1,3,2,0
BRDA:1,3,3,0
BRDA:5,4,0,0
BRDA:5,4,1,0
BRDA:11,5,0,0
BRDA:11,5,1,0
BRDA:15,6,0,0
BRDA:15,6,1,0
BRDA:24,7,0,0
BRDA:24,7,1,0
BRDA:25,8,0,0
BRDA:25,8,1,0
BRDA:31,9,0,0
BRDA:31,9,1,0
BRDA:32,10,0,0
BRDA:32,10,1,0
BRDA:32,11,0,0
BRDA:32,11,1,0
BRDA:35,12,0,0
BRDA:35,12,1,0
BRDA:36,13,0,0
BRDA:36,13,1,0
BRDA:37,14,0,0
BRDA:37,14,1,0
BRDA:38,15,0,0
BRDA:38,15,1,0
BRDA:53,16,0,0
BRDA:53,16,1,0
BRDA:53,17,0,0
BRDA:53,17,1,0
BRDA:54,18,0,0
BRDA:54,18,1,0
BRDA:54,19,0,0
BRDA:54,19,1,0
BRDA:62,20,0,0
BRDA:62,20,1,0
BRDA:64,21,0,0
BRDA:64,21,1,0
BRDA:66,22,0,0
BRDA:66,22,1,0
BRDA:70,23,0,0
BRDA:70,23,1,0
BRDA:73,24,0,0
BRDA:73,24,1,0
BRDA:77,25,0,0
BRDA:77,25,1,0
BRDA:79,26,0,0
BRDA:79,26,1,0
BRDA:79,27,0,0
BRDA:79,27,1,0
BRDA:79,27,2,0
BRDA:79,28,0,0
BRDA:79,28,1,0
BRDA:80,29,0,0
BRDA:80,29,1,0
BRDA:80,30,0,0
BRDA:80,30,1,0
BRDA:81,31,0,0
BRDA:81,31,1,0
BRDA:91,32,0,0
BRDA:91,32,1,0
BRDA:94,33,0,0
BRDA:94,33,1,0
BRDA:95,34,0,0
BRDA:95,34,1,0
BRDA:96,35,0,0
BRDA:96,35,1,0
BRDA:97,36,0,0
BRDA:97,36,1,0
BRDA:98,37,0,0
BRDA:98,37,1,0
BRDA:100,38,0,0
BRDA:100,38,1,0
BRDA:100,39,0,0
BRDA:100,39,1,0
BRDA:102,40,0,0
BRDA:102,40,1,0
BRDA:102,41,0,0
BRDA:102,41,1,0
BRDA:103,42,0,0
BRDA:103,42,1,0
BRDA:103,43,0,0
BRDA:103,43,1,0
BRDA:108,44,0,0
BRDA:108,44,1,0
BRDA:116,45,0,0
BRDA:116,45,1,0
BRDA:123,46,0,0
BRDA:123,46,1,0
BRDA:127,47,0,0
BRDA:127,47,1,0
BRF:99
BRH:3
end_of_record
TN:
SF:C:\Work\sm-front-common\sm-react-common-comments\src\services\searchByName.js
FN:15,_interopRequireDefault
FN:15,scrollToByName
FN:15,scrollToById
FN:15,scrollToByPos
FNF:4
FNH:0
FNDA:0,_interopRequireDefault
FNDA:0,scrollToByName
FNDA:0,scrollToById
FNDA:0,scrollToByPos
DA:1,0
DA:15,0
LF:2
LH:0
BRDA:15,0,0,0
BRDA:15,0,1,0
BRDA:15,1,0,0
BRDA:15,1,1,0
BRF:4
BRH:0
end_of_record
