TN:
SF:C:\Work\sm-front-common\sm-react-common-modal\src\index.js
FN:1,_interopRequireDefault
FNF:1
FNH:1
FNDA:7,_interopRequireDefault
DA:1,7
LF:1
LH:1
BRDA:1,0,0,7
BRDA:1,0,1,0
BRDA:1,1,0,7
BRDA:1,1,1,7
BRF:4
BRH:3
end_of_record
TN:
SF:C:\Work\sm-front-common\sm-react-common-modal\src\Modal\index.js
FN:1,(anonymous_0)
FN:1,defineProperties
FN:1,(anonymous_2)
FN:3,_classCallCheck
FN:3,_possibleConstructorReturn
FN:3,_inherits
FN:5,(anonymous_6)
FN:5,Modal
FN:7,(anonymous_8)
FN:9,render
FNF:10
FNH:9
FNDA:3,(anonymous_0)
FNDA:3,defineProperties
FNDA:3,(anonymous_2)
FNDA:1,_classCallCheck
FNDA:2,_possibleConstructorReturn
FNDA:3,_inherits
FNDA:3,(anonymous_6)
FNDA:1,Modal
FNDA:0,(anonymous_8)
FNDA:2,render
DA:1,3
DA:3,3
DA:5,3
DA:8,0
DA:9,3
DA:12,2
DA:13,2
DA:27,0
DA:28,3
DA:31,3
LF:10
LH:8
BRDA:1,0,0,3
BRDA:1,0,1,3
BRDA:1,1,0,3
BRDA:1,1,1,0
BRDA:1,2,0,3
BRDA:1,2,1,0
BRDA:1,3,0,0
BRDA:1,3,1,3
BRDA:3,4,0,0
BRDA:3,4,1,1
BRDA:3,5,0,0
BRDA:3,5,1,2
BRDA:3,6,0,1
BRDA:3,6,1,1
BRDA:3,7,0,2
BRDA:3,7,1,1
BRDA:3,7,2,0
BRDA:3,8,0,0
BRDA:3,8,1,3
BRDA:3,9,0,3
BRDA:3,9,1,0
BRDA:3,10,0,3
BRDA:3,10,1,3
BRDA:3,11,0,3
BRDA:3,11,1,0
BRDA:3,12,0,3
BRDA:3,12,1,0
BRDA:5,13,0,1
BRDA:5,13,1,0
BRDA:8,14,0,0
BRDA:8,14,1,0
BRDA:12,15,0,2
BRDA:12,15,1,0
BRF:33
BRH:19
end_of_record
TN:
SF:C:\Work\sm-front-common\sm-react-common-modal\src\ModalBody\index.js
FN:4,_interopRequireDefault
FN:4,ModalBody
FNF:2
FNH:2
FNDA:6,_interopRequireDefault
FNDA:2,ModalBody
DA:1,3
DA:4,6
DA:5,2
DA:8,3
LF:4
LH:4
BRDA:4,0,0,0
BRDA:4,0,1,6
BRDA:4,1,0,6
BRDA:4,1,1,6
BRF:4
BRH:3
end_of_record
TN:
SF:C:\Work\sm-front-common\sm-react-common-modal\src\ModalClose\index.js
FN:4,_interopRequireDefault
FN:4,ModalClose
FNF:2
FNH:2
FNDA:6,_interopRequireDefault
FNDA:3,ModalClose
DA:1,3
DA:4,6
DA:5,3
DA:8,3
LF:4
LH:4
BRDA:4,0,0,0
BRDA:4,0,1,6
BRDA:4,1,0,6
BRDA:4,1,1,6
BRF:4
BRH:3
end_of_record
TN:
SF:C:\Work\sm-front-common\sm-react-common-modal\src\ModalFooter\index.js
FN:4,_interopRequireDefault
FN:4,ModalFooter
FNF:2
FNH:2
FNDA:4,_interopRequireDefault
FNDA:2,ModalFooter
DA:1,2
DA:4,4
DA:5,2
DA:8,2
LF:4
LH:4
BRDA:4,0,0,0
BRDA:4,0,1,4
BRDA:4,1,0,4
BRDA:4,1,1,4
BRF:4
BRH:3
end_of_record
TN:
SF:C:\Work\sm-front-common\sm-react-common-modal\src\ModalForm\index.js
FN:7,_interopRequireDefault
FN:10,ModalForm
FNF:2
FNH:2
FNDA:14,_interopRequireDefault
FNDA:1,ModalForm
DA:1,2
DA:7,14
DA:11,1
DA:27,2
DA:35,2
LF:5
LH:5
BRDA:7,0,0,10
BRDA:7,0,1,4
BRDA:7,1,0,14
BRDA:7,1,1,14
BRF:4
BRH:4
end_of_record
TN:
SF:C:\Work\sm-front-common\sm-react-common-modal\src\ModalHeader\index.js
FN:4,_interopRequireDefault
FN:4,ModalHeader
FNF:2
FNH:2
FNDA:6,_interopRequireDefault
FNDA:2,ModalHeader
DA:1,3
DA:4,6
DA:5,2
DA:8,3
LF:4
LH:4
BRDA:4,0,0,0
BRDA:4,0,1,6
BRDA:4,1,0,6
BRDA:4,1,1,6
BRF:4
BRH:3
end_of_record
TN:
SF:C:\Work\sm-front-common\sm-react-common-modal\src\ModalTitle\index.js
FN:4,_interopRequireDefault
FN:4,ModalTitle
FNF:2
FNH:2
FNDA:6,_interopRequireDefault
FNDA:2,ModalTitle
DA:1,3
DA:4,6
DA:5,2
DA:8,3
LF:4
LH:4
BRDA:4,0,0,0
BRDA:4,0,1,6
BRDA:4,1,0,6
BRDA:4,1,1,6
BRF:4
BRH:3
end_of_record
